INFO - 2023-07-22 02:06:28 --> Session: Class initialized using 'CodeIgniter\Session\Handlers\FileHandler' driver.
INFO - 2023-07-22 02:06:28 --> Session: Class initialized using 'CodeIgniter\Session\Handlers\FileHandler' driver.
INFO - 2023-07-22 02:06:31 --> Session: Class initialized using 'CodeIgniter\Session\Handlers\FileHandler' driver.
INFO - 2023-07-22 02:06:35 --> Session: Class initialized using 'CodeIgniter\Session\Handlers\FileHandler' driver.
INFO - 2023-07-22 02:06:37 --> Session: Class initialized using 'CodeIgniter\Session\Handlers\FileHandler' driver.
INFO - 2023-07-22 02:08:30 --> Session: Class initialized using 'CodeIgniter\Session\Handlers\FileHandler' driver.
INFO - 2023-07-22 02:08:42 --> Session: Class initialized using 'CodeIgniter\Session\Handlers\FileHandler' driver.
INFO - 2023-07-22 02:12:50 --> Session: Class initialized using 'CodeIgniter\Session\Handlers\FileHandler' driver.
INFO - 2023-07-22 02:13:04 --> Session: Class initialized using 'CodeIgniter\Session\Handlers\FileHandler' driver.
INFO - 2023-07-22 02:14:01 --> Session: Class initialized using 'CodeIgniter\Session\Handlers\FileHandler' driver.
INFO - 2023-07-22 02:14:23 --> Session: Class initialized using 'CodeIgniter\Session\Handlers\FileHandler' driver.
INFO - 2023-07-22 02:15:40 --> Session: Class initialized using 'CodeIgniter\Session\Handlers\FileHandler' driver.
INFO - 2023-07-22 02:16:10 --> Session: Class initialized using 'CodeIgniter\Session\Handlers\FileHandler' driver.
INFO - 2023-07-22 02:17:15 --> Session: Class initialized using 'CodeIgniter\Session\Handlers\FileHandler' driver.
INFO - 2023-07-22 02:17:59 --> Session: Class initialized using 'CodeIgniter\Session\Handlers\FileHandler' driver.
INFO - 2023-07-22 02:18:38 --> Session: Class initialized using 'CodeIgniter\Session\Handlers\FileHandler' driver.
INFO - 2023-07-22 02:18:39 --> Session: Class initialized using 'CodeIgniter\Session\Handlers\FileHandler' driver.
INFO - 2023-07-22 02:19:07 --> Session: Class initialized using 'CodeIgniter\Session\Handlers\FileHandler' driver.
INFO - 2023-07-22 02:19:56 --> Session: Class initialized using 'CodeIgniter\Session\Handlers\FileHandler' driver.
INFO - 2023-07-22 02:19:57 --> Session: Class initialized using 'CodeIgniter\Session\Handlers\FileHandler' driver.
INFO - 2023-07-22 02:20:48 --> Session: Class initialized using 'CodeIgniter\Session\Handlers\FileHandler' driver.
INFO - 2023-07-22 02:23:32 --> Session: Class initialized using 'CodeIgniter\Session\Handlers\FileHandler' driver.
INFO - 2023-07-22 02:24:23 --> Session: Class initialized using 'CodeIgniter\Session\Handlers\FileHandler' driver.
INFO - 2023-07-22 02:24:30 --> Session: Class initialized using 'CodeIgniter\Session\Handlers\FileHandler' driver.
INFO - 2023-07-22 02:25:54 --> Session: Class initialized using 'CodeIgniter\Session\Handlers\FileHandler' driver.
INFO - 2023-07-22 02:25:59 --> Session: Class initialized using 'CodeIgniter\Session\Handlers\FileHandler' driver.
INFO - 2023-07-22 02:26:46 --> Session: Class initialized using 'CodeIgniter\Session\Handlers\FileHandler' driver.
INFO - 2023-07-22 02:27:05 --> Session: Class initialized using 'CodeIgniter\Session\Handlers\FileHandler' driver.
INFO - 2023-07-22 02:27:29 --> Session: Class initialized using 'CodeIgniter\Session\Handlers\FileHandler' driver.
INFO - 2023-07-22 02:27:33 --> Session: Class initialized using 'CodeIgniter\Session\Handlers\FileHandler' driver.
INFO - 2023-07-22 02:27:39 --> Session: Class initialized using 'CodeIgniter\Session\Handlers\FileHandler' driver.
INFO - 2023-07-22 02:28:10 --> Session: Class initialized using 'CodeIgniter\Session\Handlers\FileHandler' driver.
INFO - 2023-07-22 02:29:08 --> Session: Class initialized using 'CodeIgniter\Session\Handlers\FileHandler' driver.
INFO - 2023-07-22 02:30:22 --> Session: Class initialized using 'CodeIgniter\Session\Handlers\FileHandler' driver.
INFO - 2023-07-22 02:30:27 --> Session: Class initialized using 'CodeIgniter\Session\Handlers\FileHandler' driver.
INFO - 2023-07-22 02:30:32 --> Session: Class initialized using 'CodeIgniter\Session\Handlers\FileHandler' driver.
INFO - 2023-07-22 02:30:46 --> Session: Class initialized using 'CodeIgniter\Session\Handlers\FileHandler' driver.
INFO - 2023-07-22 02:30:50 --> Session: Class initialized using 'CodeIgniter\Session\Handlers\FileHandler' driver.
INFO - 2023-07-22 02:31:16 --> Session: Class initialized using 'CodeIgniter\Session\Handlers\FileHandler' driver.
INFO - 2023-07-22 02:31:21 --> Session: Class initialized using 'CodeIgniter\Session\Handlers\FileHandler' driver.
INFO - 2023-07-22 02:31:27 --> Session: Class initialized using 'CodeIgniter\Session\Handlers\FileHandler' driver.
INFO - 2023-07-22 02:31:33 --> Session: Class initialized using 'CodeIgniter\Session\Handlers\FileHandler' driver.
CRITICAL - 2023-07-22 02:31:33 --> Undefined array key "images"
in FCPATH\task\Views\search.php on line 78.
 1 FCPATH\task\Views\search.php(78): CodeIgniter\Debug\Exceptions->errorHandler(2, 'Undefined array key "images"', 'D:\\xampp\\htdocs\\ci_project\\task\\Views\\search.php', 78)
 2 SYSTEMPATH\View\View.php(224): include('D:\\xampp\\htdocs\\ci_project\\task\\Views\\search.php')
 3 SYSTEMPATH\View\View.php(227): CodeIgniter\View\View->CodeIgniter\View\{closure}()
 4 SYSTEMPATH\Common.php(1180): CodeIgniter\View\View->render('Modules\\Views\\search', [], true)
 5 FCPATH\task\Controllers\EmployeeView.php(38): view('Modules\\Views\\search', [...])
 6 SYSTEMPATH\CodeIgniter.php(932): Modules\Controllers\EmployeeView->search()
 7 SYSTEMPATH\CodeIgniter.php(497): CodeIgniter\CodeIgniter->runController(Object(Modules\Controllers\EmployeeView))
 8 SYSTEMPATH\CodeIgniter.php(366): CodeIgniter\CodeIgniter->handleRequest(null, Object(Config\Cache), false)
 9 FCPATH\index.php(67): CodeIgniter\CodeIgniter->run()
INFO - 2023-07-22 02:31:41 --> Session: Class initialized using 'CodeIgniter\Session\Handlers\FileHandler' driver.
INFO - 2023-07-22 02:33:00 --> Session: Class initialized using 'CodeIgniter\Session\Handlers\FileHandler' driver.
CRITICAL - 2023-07-22 02:33:02 --> Undefined array key "images"
in FCPATH\task\Views\preview.php on line 124.
 1 FCPATH\task\Views\preview.php(124): CodeIgniter\Debug\Exceptions->errorHandler(2, 'Undefined array key "images"', 'D:\\xampp\\htdocs\\ci_project\\task\\Views\\preview.php', 124)
 2 SYSTEMPATH\View\View.php(224): include('D:\\xampp\\htdocs\\ci_project\\task\\Views\\preview.php')
 3 SYSTEMPATH\View\View.php(227): CodeIgniter\View\View->CodeIgniter\View\{closure}()
 4 SYSTEMPATH\Common.php(1180): CodeIgniter\View\View->render('Modules\\Views\\preview', [], true)
 5 FCPATH\task\Controllers\UpdateController.php(62): view('Modules\\Views\\preview', [...])
 6 SYSTEMPATH\CodeIgniter.php(932): Modules\Controllers\UpdateController->preview('2')
 7 SYSTEMPATH\CodeIgniter.php(497): CodeIgniter\CodeIgniter->runController(Object(Modules\Controllers\UpdateController))
 8 SYSTEMPATH\CodeIgniter.php(366): CodeIgniter\CodeIgniter->handleRequest(null, Object(Config\Cache), false)
 9 FCPATH\index.php(67): CodeIgniter\CodeIgniter->run()
INFO - 2023-07-22 02:33:06 --> Session: Class initialized using 'CodeIgniter\Session\Handlers\FileHandler' driver.
INFO - 2023-07-22 02:37:50 --> Session: Class initialized using 'CodeIgniter\Session\Handlers\FileHandler' driver.
INFO - 2023-07-22 02:37:54 --> Session: Class initialized using 'CodeIgniter\Session\Handlers\FileHandler' driver.
INFO - 2023-07-22 02:39:17 --> Session: Class initialized using 'CodeIgniter\Session\Handlers\FileHandler' driver.
INFO - 2023-07-22 02:39:28 --> Session: Class initialized using 'CodeIgniter\Session\Handlers\FileHandler' driver.
INFO - 2023-07-22 02:39:33 --> Session: Class initialized using 'CodeIgniter\Session\Handlers\FileHandler' driver.
INFO - 2023-07-22 02:39:51 --> Session: Class initialized using 'CodeIgniter\Session\Handlers\FileHandler' driver.
INFO - 2023-07-22 02:40:20 --> Session: Class initialized using 'CodeIgniter\Session\Handlers\FileHandler' driver.
INFO - 2023-07-22 02:40:22 --> Session: Class initialized using 'CodeIgniter\Session\Handlers\FileHandler' driver.
INFO - 2023-07-22 02:40:27 --> Session: Class initialized using 'CodeIgniter\Session\Handlers\FileHandler' driver.
INFO - 2023-07-22 02:40:53 --> Session: Class initialized using 'CodeIgniter\Session\Handlers\FileHandler' driver.
INFO - 2023-07-22 02:41:30 --> Session: Class initialized using 'CodeIgniter\Session\Handlers\FileHandler' driver.
INFO - 2023-07-22 02:45:02 --> Session: Class initialized using 'CodeIgniter\Session\Handlers\FileHandler' driver.
INFO - 2023-07-22 02:46:46 --> Session: Class initialized using 'CodeIgniter\Session\Handlers\FileHandler' driver.
INFO - 2023-07-22 02:48:20 --> Session: Class initialized using 'CodeIgniter\Session\Handlers\FileHandler' driver.
INFO - 2023-07-22 02:48:28 --> Session: Class initialized using 'CodeIgniter\Session\Handlers\FileHandler' driver.
INFO - 2023-07-22 02:51:08 --> Session: Class initialized using 'CodeIgniter\Session\Handlers\FileHandler' driver.
INFO - 2023-07-22 02:52:37 --> Session: Class initialized using 'CodeIgniter\Session\Handlers\FileHandler' driver.
INFO - 2023-07-22 02:52:41 --> Session: Class initialized using 'CodeIgniter\Session\Handlers\FileHandler' driver.
INFO - 2023-07-22 02:53:05 --> Session: Class initialized using 'CodeIgniter\Session\Handlers\FileHandler' driver.
INFO - 2023-07-22 02:54:48 --> Session: Class initialized using 'CodeIgniter\Session\Handlers\FileHandler' driver.
INFO - 2023-07-22 02:54:52 --> Session: Class initialized using 'CodeIgniter\Session\Handlers\FileHandler' driver.
INFO - 2023-07-22 02:54:56 --> Session: Class initialized using 'CodeIgniter\Session\Handlers\FileHandler' driver.
INFO - 2023-07-22 02:55:06 --> Session: Class initialized using 'CodeIgniter\Session\Handlers\FileHandler' driver.
INFO - 2023-07-22 02:55:13 --> Session: Class initialized using 'CodeIgniter\Session\Handlers\FileHandler' driver.
INFO - 2023-07-22 02:55:22 --> Session: Class initialized using 'CodeIgniter\Session\Handlers\FileHandler' driver.
INFO - 2023-07-22 02:56:58 --> Session: Class initialized using 'CodeIgniter\Session\Handlers\FileHandler' driver.
INFO - 2023-07-22 02:57:02 --> Session: Class initialized using 'CodeIgniter\Session\Handlers\FileHandler' driver.
INFO - 2023-07-22 02:57:21 --> Session: Class initialized using 'CodeIgniter\Session\Handlers\FileHandler' driver.
INFO - 2023-07-22 02:57:24 --> Session: Class initialized using 'CodeIgniter\Session\Handlers\FileHandler' driver.
INFO - 2023-07-22 02:57:26 --> Session: Class initialized using 'CodeIgniter\Session\Handlers\FileHandler' driver.
INFO - 2023-07-22 02:57:38 --> Session: Class initialized using 'CodeIgniter\Session\Handlers\FileHandler' driver.
INFO - 2023-07-22 02:57:56 --> Session: Class initialized using 'CodeIgniter\Session\Handlers\FileHandler' driver.
INFO - 2023-07-22 02:58:00 --> Session: Class initialized using 'CodeIgniter\Session\Handlers\FileHandler' driver.
INFO - 2023-07-22 02:58:03 --> Session: Class initialized using 'CodeIgniter\Session\Handlers\FileHandler' driver.
INFO - 2023-07-22 02:58:45 --> Session: Class initialized using 'CodeIgniter\Session\Handlers\FileHandler' driver.
INFO - 2023-07-22 02:58:48 --> Session: Class initialized using 'CodeIgniter\Session\Handlers\FileHandler' driver.
INFO - 2023-07-22 02:58:52 --> Session: Class initialized using 'CodeIgniter\Session\Handlers\FileHandler' driver.
INFO - 2023-07-22 03:51:11 --> Session: Class initialized using 'CodeIgniter\Session\Handlers\FileHandler' driver.
INFO - 2023-07-22 03:51:15 --> Session: Class initialized using 'CodeIgniter\Session\Handlers\FileHandler' driver.
INFO - 2023-07-22 03:51:19 --> Session: Class initialized using 'CodeIgniter\Session\Handlers\FileHandler' driver.
INFO - 2023-07-22 03:51:24 --> Session: Class initialized using 'CodeIgniter\Session\Handlers\FileHandler' driver.
INFO - 2023-07-22 03:53:03 --> Session: Class initialized using 'CodeIgniter\Session\Handlers\FileHandler' driver.
INFO - 2023-07-22 03:53:06 --> Session: Class initialized using 'CodeIgniter\Session\Handlers\FileHandler' driver.
INFO - 2023-07-22 03:53:13 --> Session: Class initialized using 'CodeIgniter\Session\Handlers\FileHandler' driver.
INFO - 2023-07-22 03:53:17 --> Session: Class initialized using 'CodeIgniter\Session\Handlers\FileHandler' driver.
INFO - 2023-07-22 03:53:48 --> Session: Class initialized using 'CodeIgniter\Session\Handlers\FileHandler' driver.
INFO - 2023-07-22 03:53:52 --> Session: Class initialized using 'CodeIgniter\Session\Handlers\FileHandler' driver.
INFO - 2023-07-22 03:53:55 --> Session: Class initialized using 'CodeIgniter\Session\Handlers\FileHandler' driver.
INFO - 2023-07-22 03:54:00 --> Session: Class initialized using 'CodeIgniter\Session\Handlers\FileHandler' driver.
INFO - 2023-07-22 03:54:03 --> Session: Class initialized using 'CodeIgniter\Session\Handlers\FileHandler' driver.
INFO - 2023-07-22 03:55:05 --> Session: Class initialized using 'CodeIgniter\Session\Handlers\FileHandler' driver.
INFO - 2023-07-22 03:55:34 --> Session: Class initialized using 'CodeIgniter\Session\Handlers\FileHandler' driver.
INFO - 2023-07-22 03:55:38 --> Session: Class initialized using 'CodeIgniter\Session\Handlers\FileHandler' driver.
INFO - 2023-07-22 03:57:59 --> Session: Class initialized using 'CodeIgniter\Session\Handlers\FileHandler' driver.
INFO - 2023-07-22 03:58:07 --> Session: Class initialized using 'CodeIgniter\Session\Handlers\FileHandler' driver.
INFO - 2023-07-22 03:58:50 --> Session: Class initialized using 'CodeIgniter\Session\Handlers\FileHandler' driver.
INFO - 2023-07-22 03:58:52 --> Session: Class initialized using 'CodeIgniter\Session\Handlers\FileHandler' driver.
INFO - 2023-07-22 04:04:53 --> Session: Class initialized using 'CodeIgniter\Session\Handlers\FileHandler' driver.
ERROR - 2023-07-22 04:04:56 --> mysqli_sql_exception: Not unique table/alias: 'employees' in D:\xampp\htdocs\ci_project\system\Database\MySQLi\Connection.php:295
Stack trace:
#0 D:\xampp\htdocs\ci_project\system\Database\MySQLi\Connection.php(295): mysqli->query('SELECT `employe...', 0)
#1 D:\xampp\htdocs\ci_project\system\Database\BaseConnection.php(692): CodeIgniter\Database\MySQLi\Connection->execute('SELECT `employe...')
#2 D:\xampp\htdocs\ci_project\system\Database\BaseConnection.php(606): CodeIgniter\Database\BaseConnection->simpleQuery('SELECT `employe...')
#3 D:\xampp\htdocs\ci_project\system\Database\BaseBuilder.php(1616): CodeIgniter\Database\BaseConnection->query('SELECT `employe...', Array, false)
#4 D:\xampp\htdocs\ci_project\system\Model.php(836): CodeIgniter\Database\BaseBuilder->get()
#5 D:\xampp\htdocs\ci_project\task\Models\SearchModel.php(35): CodeIgniter\Model->__call('get', Array)
#6 D:\xampp\htdocs\ci_project\task\Controllers\EmployeeView.php(37): Modules\Models\SearchModel->searchEmployees('8712974739')
#7 D:\xampp\htdocs\ci_project\system\CodeIgniter.php(932): Modules\Controllers\EmployeeView->search()
#8 D:\xampp\htdocs\ci_project\system\CodeIgniter.php(497): CodeIgniter\CodeIgniter->runController(Object(Modules\Controllers\EmployeeView))
#9 D:\xampp\htdocs\ci_project\system\CodeIgniter.php(366): CodeIgniter\CodeIgniter->handleRequest(NULL, Object(Config\Cache), false)
#10 D:\xampp\htdocs\ci_project\index.php(67): CodeIgniter\CodeIgniter->run()
#11 {main}
CRITICAL - 2023-07-22 04:04:56 --> Not unique table/alias: 'employees'
in SYSTEMPATH\Database\MySQLi\Connection.php on line 295.
 1 SYSTEMPATH\Database\MySQLi\Connection.php(295): mysqli->query('SELECT `employees`.*, `user`.*, GROUP_CONCAT(employee_images.image) AS images
FROM (`employees`, `employees`)
JOIN `user` ON `user`.`ID` = `employees`.`user_ID`
LEFT JOIN `employee_images` ON `employees`.`user_ID` = `employee_images`.`user_ID`
WHERE   (
`firstname` LIKE \'%8712974739%\' ESCAPE \'!\'
OR  `lastname` LIKE \'%8712974739%\' ESCAPE \'!\'
OR  `salary` LIKE \'%8712974739%\' ESCAPE \'!\'
OR  `Name` LIKE \'%8712974739%\' ESCAPE \'!\'
OR  `Email` LIKE \'%8712974739%\' ESCAPE \'!\'
OR  `PhoneNumber` LIKE \'%8712974739%\' ESCAPE \'!\'
OR  `images` LIKE \'%8712974739%\' ESCAPE \'!\'
 )', 0)
 2 SYSTEMPATH\Database\BaseConnection.php(692): CodeIgniter\Database\MySQLi\Connection->execute('SELECT `employees`.*, `user`.*, GROUP_CONCAT(employee_images.image) AS images
FROM (`employees`, `employees`)
JOIN `user` ON `user`.`ID` = `employees`.`user_ID`
LEFT JOIN `employee_images` ON `employees`.`user_ID` = `employee_images`.`user_ID`
WHERE   (
`firstname` LIKE \'%8712974739%\' ESCAPE \'!\'
OR  `lastname` LIKE \'%8712974739%\' ESCAPE \'!\'
OR  `salary` LIKE \'%8712974739%\' ESCAPE \'!\'
OR  `Name` LIKE \'%8712974739%\' ESCAPE \'!\'
OR  `Email` LIKE \'%8712974739%\' ESCAPE \'!\'
OR  `PhoneNumber` LIKE \'%8712974739%\' ESCAPE \'!\'
OR  `images` LIKE \'%8712974739%\' ESCAPE \'!\'
 )')
 3 SYSTEMPATH\Database\BaseConnection.php(606): CodeIgniter\Database\BaseConnection->simpleQuery('SELECT `employees`.*, `user`.*, GROUP_CONCAT(employee_images.image) AS images
FROM (`employees`, `employees`)
JOIN `user` ON `user`.`ID` = `employees`.`user_ID`
LEFT JOIN `employee_images` ON `employees`.`user_ID` = `employee_images`.`user_ID`
WHERE   (
`firstname` LIKE \'%8712974739%\' ESCAPE \'!\'
OR  `lastname` LIKE \'%8712974739%\' ESCAPE \'!\'
OR  `salary` LIKE \'%8712974739%\' ESCAPE \'!\'
OR  `Name` LIKE \'%8712974739%\' ESCAPE \'!\'
OR  `Email` LIKE \'%8712974739%\' ESCAPE \'!\'
OR  `PhoneNumber` LIKE \'%8712974739%\' ESCAPE \'!\'
OR  `images` LIKE \'%8712974739%\' ESCAPE \'!\'
 )')
 4 SYSTEMPATH\Database\BaseBuilder.php(1616): CodeIgniter\Database\BaseConnection->query('SELECT `employees`.*, `user`.*, GROUP_CONCAT(employee_images.image) AS images
FROM (`employees`, `employees`)
JOIN `user` ON `user`.`ID` = `employees`.`user_ID`
LEFT JOIN `employee_images` ON `employees`.`user_ID` = `employee_images`.`user_ID`
WHERE   (
`firstname` LIKE :firstname: ESCAPE \'!\'
OR  `lastname` LIKE :lastname: ESCAPE \'!\'
OR  `salary` LIKE :salary: ESCAPE \'!\'
OR  `Name` LIKE :Name: ESCAPE \'!\'
OR  `Email` LIKE :Email: ESCAPE \'!\'
OR  `PhoneNumber` LIKE :PhoneNumber: ESCAPE \'!\'
OR  `images` LIKE :images: ESCAPE \'!\'
 )', [...], false)
 5 SYSTEMPATH\Model.php(836): CodeIgniter\Database\BaseBuilder->get()
 6 FCPATH\task\Models\SearchModel.php(35): CodeIgniter\Model->__call('get', [])
 7 FCPATH\task\Controllers\EmployeeView.php(37): Modules\Models\SearchModel->searchEmployees('8712974739')
 8 SYSTEMPATH\CodeIgniter.php(932): Modules\Controllers\EmployeeView->search()
 9 SYSTEMPATH\CodeIgniter.php(497): CodeIgniter\CodeIgniter->runController(Object(Modules\Controllers\EmployeeView))
10 SYSTEMPATH\CodeIgniter.php(366): CodeIgniter\CodeIgniter->handleRequest(null, Object(Config\Cache), false)
11 FCPATH\index.php(67): CodeIgniter\CodeIgniter->run()
INFO - 2023-07-22 04:05:01 --> Session: Class initialized using 'CodeIgniter\Session\Handlers\FileHandler' driver.
INFO - 2023-07-22 04:05:09 --> Session: Class initialized using 'CodeIgniter\Session\Handlers\FileHandler' driver.
ERROR - 2023-07-22 04:05:12 --> mysqli_sql_exception: Not unique table/alias: 'employees' in D:\xampp\htdocs\ci_project\system\Database\MySQLi\Connection.php:295
Stack trace:
#0 D:\xampp\htdocs\ci_project\system\Database\MySQLi\Connection.php(295): mysqli->query('SELECT `employe...', 0)
#1 D:\xampp\htdocs\ci_project\system\Database\BaseConnection.php(692): CodeIgniter\Database\MySQLi\Connection->execute('SELECT `employe...')
#2 D:\xampp\htdocs\ci_project\system\Database\BaseConnection.php(606): CodeIgniter\Database\BaseConnection->simpleQuery('SELECT `employe...')
#3 D:\xampp\htdocs\ci_project\system\Database\BaseBuilder.php(1616): CodeIgniter\Database\BaseConnection->query('SELECT `employe...', Array, false)
#4 D:\xampp\htdocs\ci_project\system\Model.php(836): CodeIgniter\Database\BaseBuilder->get()
#5 D:\xampp\htdocs\ci_project\task\Models\SearchModel.php(35): CodeIgniter\Model->__call('get', Array)
#6 D:\xampp\htdocs\ci_project\task\Controllers\EmployeeView.php(35): Modules\Models\SearchModel->searchEmployees('8712974739')
#7 D:\xampp\htdocs\ci_project\system\CodeIgniter.php(932): Modules\Controllers\EmployeeView->search()
#8 D:\xampp\htdocs\ci_project\system\CodeIgniter.php(497): CodeIgniter\CodeIgniter->runController(Object(Modules\Controllers\EmployeeView))
#9 D:\xampp\htdocs\ci_project\system\CodeIgniter.php(366): CodeIgniter\CodeIgniter->handleRequest(NULL, Object(Config\Cache), false)
#10 D:\xampp\htdocs\ci_project\index.php(67): CodeIgniter\CodeIgniter->run()
#11 {main}
CRITICAL - 2023-07-22 04:05:12 --> Not unique table/alias: 'employees'
in SYSTEMPATH\Database\MySQLi\Connection.php on line 295.
 1 SYSTEMPATH\Database\MySQLi\Connection.php(295): mysqli->query('SELECT `employees`.*, `user`.*, GROUP_CONCAT(employee_images.image) AS images
FROM (`employees`, `employees`)
JOIN `user` ON `user`.`ID` = `employees`.`user_ID`
LEFT JOIN `employee_images` ON `employees`.`user_ID` = `employee_images`.`user_ID`
WHERE   (
`firstname` LIKE \'%8712974739%\' ESCAPE \'!\'
OR  `lastname` LIKE \'%8712974739%\' ESCAPE \'!\'
OR  `salary` LIKE \'%8712974739%\' ESCAPE \'!\'
OR  `Name` LIKE \'%8712974739%\' ESCAPE \'!\'
OR  `Email` LIKE \'%8712974739%\' ESCAPE \'!\'
OR  `PhoneNumber` LIKE \'%8712974739%\' ESCAPE \'!\'
OR  `images` LIKE \'%8712974739%\' ESCAPE \'!\'
 )', 0)
 2 SYSTEMPATH\Database\BaseConnection.php(692): CodeIgniter\Database\MySQLi\Connection->execute('SELECT `employees`.*, `user`.*, GROUP_CONCAT(employee_images.image) AS images
FROM (`employees`, `employees`)
JOIN `user` ON `user`.`ID` = `employees`.`user_ID`
LEFT JOIN `employee_images` ON `employees`.`user_ID` = `employee_images`.`user_ID`
WHERE   (
`firstname` LIKE \'%8712974739%\' ESCAPE \'!\'
OR  `lastname` LIKE \'%8712974739%\' ESCAPE \'!\'
OR  `salary` LIKE \'%8712974739%\' ESCAPE \'!\'
OR  `Name` LIKE \'%8712974739%\' ESCAPE \'!\'
OR  `Email` LIKE \'%8712974739%\' ESCAPE \'!\'
OR  `PhoneNumber` LIKE \'%8712974739%\' ESCAPE \'!\'
OR  `images` LIKE \'%8712974739%\' ESCAPE \'!\'
 )')
 3 SYSTEMPATH\Database\BaseConnection.php(606): CodeIgniter\Database\BaseConnection->simpleQuery('SELECT `employees`.*, `user`.*, GROUP_CONCAT(employee_images.image) AS images
FROM (`employees`, `employees`)
JOIN `user` ON `user`.`ID` = `employees`.`user_ID`
LEFT JOIN `employee_images` ON `employees`.`user_ID` = `employee_images`.`user_ID`
WHERE   (
`firstname` LIKE \'%8712974739%\' ESCAPE \'!\'
OR  `lastname` LIKE \'%8712974739%\' ESCAPE \'!\'
OR  `salary` LIKE \'%8712974739%\' ESCAPE \'!\'
OR  `Name` LIKE \'%8712974739%\' ESCAPE \'!\'
OR  `Email` LIKE \'%8712974739%\' ESCAPE \'!\'
OR  `PhoneNumber` LIKE \'%8712974739%\' ESCAPE \'!\'
OR  `images` LIKE \'%8712974739%\' ESCAPE \'!\'
 )')
 4 SYSTEMPATH\Database\BaseBuilder.php(1616): CodeIgniter\Database\BaseConnection->query('SELECT `employees`.*, `user`.*, GROUP_CONCAT(employee_images.image) AS images
FROM (`employees`, `employees`)
JOIN `user` ON `user`.`ID` = `employees`.`user_ID`
LEFT JOIN `employee_images` ON `employees`.`user_ID` = `employee_images`.`user_ID`
WHERE   (
`firstname` LIKE :firstname: ESCAPE \'!\'
OR  `lastname` LIKE :lastname: ESCAPE \'!\'
OR  `salary` LIKE :salary: ESCAPE \'!\'
OR  `Name` LIKE :Name: ESCAPE \'!\'
OR  `Email` LIKE :Email: ESCAPE \'!\'
OR  `PhoneNumber` LIKE :PhoneNumber: ESCAPE \'!\'
OR  `images` LIKE :images: ESCAPE \'!\'
 )', [...], false)
 5 SYSTEMPATH\Model.php(836): CodeIgniter\Database\BaseBuilder->get()
 6 FCPATH\task\Models\SearchModel.php(35): CodeIgniter\Model->__call('get', [])
 7 FCPATH\task\Controllers\EmployeeView.php(35): Modules\Models\SearchModel->searchEmployees('8712974739')
 8 SYSTEMPATH\CodeIgniter.php(932): Modules\Controllers\EmployeeView->search()
 9 SYSTEMPATH\CodeIgniter.php(497): CodeIgniter\CodeIgniter->runController(Object(Modules\Controllers\EmployeeView))
10 SYSTEMPATH\CodeIgniter.php(366): CodeIgniter\CodeIgniter->handleRequest(null, Object(Config\Cache), false)
11 FCPATH\index.php(67): CodeIgniter\CodeIgniter->run()
INFO - 2023-07-22 04:05:15 --> Session: Class initialized using 'CodeIgniter\Session\Handlers\FileHandler' driver.
INFO - 2023-07-22 04:06:10 --> Session: Class initialized using 'CodeIgniter\Session\Handlers\FileHandler' driver.
INFO - 2023-07-22 04:06:13 --> Session: Class initialized using 'CodeIgniter\Session\Handlers\FileHandler' driver.
INFO - 2023-07-22 04:06:15 --> Session: Class initialized using 'CodeIgniter\Session\Handlers\FileHandler' driver.
INFO - 2023-07-22 04:11:16 --> Session: Class initialized using 'CodeIgniter\Session\Handlers\FileHandler' driver.
CRITICAL - 2023-07-22 04:11:20 --> Call to undefined method Modules\Models\SearchModel::group_by
in SYSTEMPATH\Model.php on line 838.
 1 FCPATH\task\Models\SearchModel.php(35): CodeIgniter\Model->__call('group_by', [...])
 2 FCPATH\task\Controllers\EmployeeView.php(35): Modules\Models\SearchModel->searchEmployees('8712974739')
 3 SYSTEMPATH\CodeIgniter.php(932): Modules\Controllers\EmployeeView->search()
 4 SYSTEMPATH\CodeIgniter.php(497): CodeIgniter\CodeIgniter->runController(Object(Modules\Controllers\EmployeeView))
 5 SYSTEMPATH\CodeIgniter.php(366): CodeIgniter\CodeIgniter->handleRequest(null, Object(Config\Cache), false)
 6 FCPATH\index.php(67): CodeIgniter\CodeIgniter->run()
INFO - 2023-07-22 04:11:24 --> Session: Class initialized using 'CodeIgniter\Session\Handlers\FileHandler' driver.
INFO - 2023-07-22 04:12:08 --> Session: Class initialized using 'CodeIgniter\Session\Handlers\FileHandler' driver.
CRITICAL - 2023-07-22 04:12:13 --> syntax error, unexpected token "return"
in FCPATH\task\Models\SearchModel.php on line 22.
 1 SYSTEMPATH\Autoloader\Autoloader.php(289): CodeIgniter\Autoloader\Autoloader->includeFile('D:\\xampp\\htdocs\\ci_project\\task\\Models\\SearchModel.php')
 2 SYSTEMPATH\Autoloader\Autoloader.php(267): CodeIgniter\Autoloader\Autoloader->loadInNamespace('Modules\\Models\\SearchModel')
 3 FCPATH\task\Controllers\EmployeeView.php(29): CodeIgniter\Autoloader\Autoloader->loadClass('Modules\\Models\\SearchModel')
 4 SYSTEMPATH\CodeIgniter.php(932): Modules\Controllers\EmployeeView->search()
 5 SYSTEMPATH\CodeIgniter.php(497): CodeIgniter\CodeIgniter->runController(Object(Modules\Controllers\EmployeeView))
 6 SYSTEMPATH\CodeIgniter.php(366): CodeIgniter\CodeIgniter->handleRequest(null, Object(Config\Cache), false)
 7 FCPATH\index.php(67): CodeIgniter\CodeIgniter->run()
ERROR - 2023-07-22 04:12:30 --> mysqli_sql_exception: Not unique table/alias: 'employees' in D:\xampp\htdocs\ci_project\system\Database\MySQLi\Connection.php:295
Stack trace:
#0 D:\xampp\htdocs\ci_project\system\Database\MySQLi\Connection.php(295): mysqli->query('SELECT `employe...', 0)
#1 D:\xampp\htdocs\ci_project\system\Database\BaseConnection.php(692): CodeIgniter\Database\MySQLi\Connection->execute('SELECT `employe...')
#2 D:\xampp\htdocs\ci_project\system\Database\BaseConnection.php(606): CodeIgniter\Database\BaseConnection->simpleQuery('SELECT `employe...')
#3 D:\xampp\htdocs\ci_project\system\Database\BaseBuilder.php(1616): CodeIgniter\Database\BaseConnection->query('SELECT `employe...', Array, false)
#4 D:\xampp\htdocs\ci_project\system\Model.php(836): CodeIgniter\Database\BaseBuilder->get()
#5 D:\xampp\htdocs\ci_project\task\Models\SearchModel.php(35): CodeIgniter\Model->__call('get', Array)
#6 D:\xampp\htdocs\ci_project\task\Controllers\EmployeeView.php(35): Modules\Models\SearchModel->searchEmployees('manikanta')
#7 D:\xampp\htdocs\ci_project\system\CodeIgniter.php(932): Modules\Controllers\EmployeeView->search()
#8 D:\xampp\htdocs\ci_project\system\CodeIgniter.php(497): CodeIgniter\CodeIgniter->runController(Object(Modules\Controllers\EmployeeView))
#9 D:\xampp\htdocs\ci_project\system\CodeIgniter.php(366): CodeIgniter\CodeIgniter->handleRequest(NULL, Object(Config\Cache), false)
#10 D:\xampp\htdocs\ci_project\index.php(67): CodeIgniter\CodeIgniter->run()
#11 {main}
CRITICAL - 2023-07-22 04:12:30 --> Not unique table/alias: 'employees'
in SYSTEMPATH\Database\MySQLi\Connection.php on line 295.
 1 SYSTEMPATH\Database\MySQLi\Connection.php(295): mysqli->query('SELECT `employees`.*, `user`.*, `images`.`images` AS `images`
FROM (`employees`, `employees`)
JOIN `user` ON `user`.`ID` = `employees`.`user_ID`
LEFT JOIN (SELECT user_ID, GROUP_CONCAT(image) AS images FROM employee_images GROUP BY user_ID) images ON `employees`.`user_ID` = `images`.`user_ID`
WHERE   (
`firstname` LIKE \'%manikanta%\' ESCAPE \'!\'
OR  `lastname` LIKE \'%manikanta%\' ESCAPE \'!\'
OR  `salary` LIKE \'%manikanta%\' ESCAPE \'!\'
OR  `Name` LIKE \'%manikanta%\' ESCAPE \'!\'
OR  `Email` LIKE \'%manikanta%\' ESCAPE \'!\'
OR  `PhoneNumber` LIKE \'%manikanta%\' ESCAPE \'!\'
OR  `images`.`images` LIKE \'%manikanta%\' ESCAPE \'!\'
 )', 0)
 2 SYSTEMPATH\Database\BaseConnection.php(692): CodeIgniter\Database\MySQLi\Connection->execute('SELECT `employees`.*, `user`.*, `images`.`images` AS `images`
FROM (`employees`, `employees`)
JOIN `user` ON `user`.`ID` = `employees`.`user_ID`
LEFT JOIN (SELECT user_ID, GROUP_CONCAT(image) AS images FROM employee_images GROUP BY user_ID) images ON `employees`.`user_ID` = `images`.`user_ID`
WHERE   (
`firstname` LIKE \'%manikanta%\' ESCAPE \'!\'
OR  `lastname` LIKE \'%manikanta%\' ESCAPE \'!\'
OR  `salary` LIKE \'%manikanta%\' ESCAPE \'!\'
OR  `Name` LIKE \'%manikanta%\' ESCAPE \'!\'
OR  `Email` LIKE \'%manikanta%\' ESCAPE \'!\'
OR  `PhoneNumber` LIKE \'%manikanta%\' ESCAPE \'!\'
OR  `images`.`images` LIKE \'%manikanta%\' ESCAPE \'!\'
 )')
 3 SYSTEMPATH\Database\BaseConnection.php(606): CodeIgniter\Database\BaseConnection->simpleQuery('SELECT `employees`.*, `user`.*, `images`.`images` AS `images`
FROM (`employees`, `employees`)
JOIN `user` ON `user`.`ID` = `employees`.`user_ID`
LEFT JOIN (SELECT user_ID, GROUP_CONCAT(image) AS images FROM employee_images GROUP BY user_ID) images ON `employees`.`user_ID` = `images`.`user_ID`
WHERE   (
`firstname` LIKE \'%manikanta%\' ESCAPE \'!\'
OR  `lastname` LIKE \'%manikanta%\' ESCAPE \'!\'
OR  `salary` LIKE \'%manikanta%\' ESCAPE \'!\'
OR  `Name` LIKE \'%manikanta%\' ESCAPE \'!\'
OR  `Email` LIKE \'%manikanta%\' ESCAPE \'!\'
OR  `PhoneNumber` LIKE \'%manikanta%\' ESCAPE \'!\'
OR  `images`.`images` LIKE \'%manikanta%\' ESCAPE \'!\'
 )')
 4 SYSTEMPATH\Database\BaseBuilder.php(1616): CodeIgniter\Database\BaseConnection->query('SELECT `employees`.*, `user`.*, `images`.`images` AS `images`
FROM (`employees`, `employees`)
JOIN `user` ON `user`.`ID` = `employees`.`user_ID`
LEFT JOIN (SELECT user_ID, GROUP_CONCAT(image) AS images FROM employee_images GROUP BY user_ID) images ON `employees`.`user_ID` = `images`.`user_ID`
WHERE   (
`firstname` LIKE :firstname: ESCAPE \'!\'
OR  `lastname` LIKE :lastname: ESCAPE \'!\'
OR  `salary` LIKE :salary: ESCAPE \'!\'
OR  `Name` LIKE :Name: ESCAPE \'!\'
OR  `Email` LIKE :Email: ESCAPE \'!\'
OR  `PhoneNumber` LIKE :PhoneNumber: ESCAPE \'!\'
OR  `images`.`images` LIKE :images.images: ESCAPE \'!\'
 )', [...], false)
 5 SYSTEMPATH\Model.php(836): CodeIgniter\Database\BaseBuilder->get()
 6 FCPATH\task\Models\SearchModel.php(35): CodeIgniter\Model->__call('get', [])
 7 FCPATH\task\Controllers\EmployeeView.php(35): Modules\Models\SearchModel->searchEmployees('manikanta')
 8 SYSTEMPATH\CodeIgniter.php(932): Modules\Controllers\EmployeeView->search()
 9 SYSTEMPATH\CodeIgniter.php(497): CodeIgniter\CodeIgniter->runController(Object(Modules\Controllers\EmployeeView))
10 SYSTEMPATH\CodeIgniter.php(366): CodeIgniter\CodeIgniter->handleRequest(null, Object(Config\Cache), false)
11 FCPATH\index.php(67): CodeIgniter\CodeIgniter->run()
INFO - 2023-07-22 04:13:56 --> Session: Class initialized using 'CodeIgniter\Session\Handlers\FileHandler' driver.
CRITICAL - 2023-07-22 04:13:56 --> Undefined array key "image"
in FCPATH\task\Views\search.php on line 78.
 1 FCPATH\task\Views\search.php(78): CodeIgniter\Debug\Exceptions->errorHandler(2, 'Undefined array key "image"', 'D:\\xampp\\htdocs\\ci_project\\task\\Views\\search.php', 78)
 2 SYSTEMPATH\View\View.php(224): include('D:\\xampp\\htdocs\\ci_project\\task\\Views\\search.php')
 3 SYSTEMPATH\View\View.php(227): CodeIgniter\View\View->CodeIgniter\View\{closure}()
 4 SYSTEMPATH\Common.php(1180): CodeIgniter\View\View->render('Modules\\Views\\search', [], true)
 5 FCPATH\task\Controllers\EmployeeView.php(38): view('Modules\\Views\\search', [...])
 6 SYSTEMPATH\CodeIgniter.php(932): Modules\Controllers\EmployeeView->search()
 7 SYSTEMPATH\CodeIgniter.php(497): CodeIgniter\CodeIgniter->runController(Object(Modules\Controllers\EmployeeView))
 8 SYSTEMPATH\CodeIgniter.php(366): CodeIgniter\CodeIgniter->handleRequest(null, Object(Config\Cache), false)
 9 FCPATH\index.php(67): CodeIgniter\CodeIgniter->run()
INFO - 2023-07-22 04:14:48 --> Session: Class initialized using 'CodeIgniter\Session\Handlers\FileHandler' driver.
CRITICAL - 2023-07-22 04:14:48 --> Undefined variable $firstImage
in FCPATH\task\Views\search.php on line 86.
 1 FCPATH\task\Views\search.php(86): CodeIgniter\Debug\Exceptions->errorHandler(2, 'Undefined variable $firstImage', 'D:\\xampp\\htdocs\\ci_project\\task\\Views\\search.php', 86)
 2 SYSTEMPATH\View\View.php(224): include('D:\\xampp\\htdocs\\ci_project\\task\\Views\\search.php')
 3 SYSTEMPATH\View\View.php(227): CodeIgniter\View\View->CodeIgniter\View\{closure}()
 4 SYSTEMPATH\Common.php(1180): CodeIgniter\View\View->render('Modules\\Views\\search', [], true)
 5 FCPATH\task\Controllers\EmployeeView.php(38): view('Modules\\Views\\search', [...])
 6 SYSTEMPATH\CodeIgniter.php(932): Modules\Controllers\EmployeeView->search()
 7 SYSTEMPATH\CodeIgniter.php(497): CodeIgniter\CodeIgniter->runController(Object(Modules\Controllers\EmployeeView))
 8 SYSTEMPATH\CodeIgniter.php(366): CodeIgniter\CodeIgniter->handleRequest(null, Object(Config\Cache), false)
 9 FCPATH\index.php(67): CodeIgniter\CodeIgniter->run()
INFO - 2023-07-22 04:15:00 --> Session: Class initialized using 'CodeIgniter\Session\Handlers\FileHandler' driver.
INFO - 2023-07-22 04:15:16 --> Session: Class initialized using 'CodeIgniter\Session\Handlers\FileHandler' driver.
CRITICAL - 2023-07-22 04:15:16 --> Undefined array key "image"
in FCPATH\task\Views\search.php on line 78.
 1 FCPATH\task\Views\search.php(78): CodeIgniter\Debug\Exceptions->errorHandler(2, 'Undefined array key "image"', 'D:\\xampp\\htdocs\\ci_project\\task\\Views\\search.php', 78)
 2 SYSTEMPATH\View\View.php(224): include('D:\\xampp\\htdocs\\ci_project\\task\\Views\\search.php')
 3 SYSTEMPATH\View\View.php(227): CodeIgniter\View\View->CodeIgniter\View\{closure}()
 4 SYSTEMPATH\Common.php(1180): CodeIgniter\View\View->render('Modules\\Views\\search', [], true)
 5 FCPATH\task\Controllers\EmployeeView.php(38): view('Modules\\Views\\search', [...])
 6 SYSTEMPATH\CodeIgniter.php(932): Modules\Controllers\EmployeeView->search()
 7 SYSTEMPATH\CodeIgniter.php(497): CodeIgniter\CodeIgniter->runController(Object(Modules\Controllers\EmployeeView))
 8 SYSTEMPATH\CodeIgniter.php(366): CodeIgniter\CodeIgniter->handleRequest(null, Object(Config\Cache), false)
 9 FCPATH\index.php(67): CodeIgniter\CodeIgniter->run()
CRITICAL - 2023-07-22 04:15:34 --> Call to undefined method Modules\Models\SearchModel::group_by
in SYSTEMPATH\Model.php on line 838.
 1 FCPATH\task\Models\SearchModel.php(35): CodeIgniter\Model->__call('group_by', [...])
 2 FCPATH\task\Controllers\EmployeeView.php(35): Modules\Models\SearchModel->searchEmployees('manikanta')
 3 SYSTEMPATH\CodeIgniter.php(932): Modules\Controllers\EmployeeView->search()
 4 SYSTEMPATH\CodeIgniter.php(497): CodeIgniter\CodeIgniter->runController(Object(Modules\Controllers\EmployeeView))
 5 SYSTEMPATH\CodeIgniter.php(366): CodeIgniter\CodeIgniter->handleRequest(null, Object(Config\Cache), false)
 6 FCPATH\index.php(67): CodeIgniter\CodeIgniter->run()
INFO - 2023-07-22 04:15:44 --> Session: Class initialized using 'CodeIgniter\Session\Handlers\FileHandler' driver.
INFO - 2023-07-22 04:15:46 --> Session: Class initialized using 'CodeIgniter\Session\Handlers\FileHandler' driver.
INFO - 2023-07-22 04:21:21 --> Session: Class initialized using 'CodeIgniter\Session\Handlers\FileHandler' driver.
CRITICAL - 2023-07-22 04:21:25 --> Call to undefined method Modules\Models\SearchModel::group_by
in SYSTEMPATH\Model.php on line 838.
 1 FCPATH\task\Models\SearchModel.php(34): CodeIgniter\Model->__call('group_by', [...])
 2 FCPATH\task\Controllers\EmployeeView.php(35): Modules\Models\SearchModel->searchEmployees('virat')
 3 SYSTEMPATH\CodeIgniter.php(932): Modules\Controllers\EmployeeView->search()
 4 SYSTEMPATH\CodeIgniter.php(497): CodeIgniter\CodeIgniter->runController(Object(Modules\Controllers\EmployeeView))
 5 SYSTEMPATH\CodeIgniter.php(366): CodeIgniter\CodeIgniter->handleRequest(null, Object(Config\Cache), false)
 6 FCPATH\index.php(67): CodeIgniter\CodeIgniter->run()
INFO - 2023-07-22 04:21:31 --> Session: Class initialized using 'CodeIgniter\Session\Handlers\FileHandler' driver.
INFO - 2023-07-22 04:21:57 --> Session: Class initialized using 'CodeIgniter\Session\Handlers\FileHandler' driver.
INFO - 2023-07-22 04:22:01 --> Session: Class initialized using 'CodeIgniter\Session\Handlers\FileHandler' driver.
INFO - 2023-07-22 04:22:03 --> Session: Class initialized using 'CodeIgniter\Session\Handlers\FileHandler' driver.
INFO - 2023-07-22 04:23:30 --> Session: Class initialized using 'CodeIgniter\Session\Handlers\FileHandler' driver.
CRITICAL - 2023-07-22 04:23:35 --> Call to undefined method CodeIgniter\Database\MySQLi\Result::result_array()
in FCPATH\task\Models\SearchModel.php on line 34.
 1 FCPATH\task\Controllers\EmployeeView.php(35): Modules\Models\SearchModel->searchEmployees('manikanta')
 2 SYSTEMPATH\CodeIgniter.php(932): Modules\Controllers\EmployeeView->search()
 3 SYSTEMPATH\CodeIgniter.php(497): CodeIgniter\CodeIgniter->runController(Object(Modules\Controllers\EmployeeView))
 4 SYSTEMPATH\CodeIgniter.php(366): CodeIgniter\CodeIgniter->handleRequest(null, Object(Config\Cache), false)
 5 FCPATH\index.php(67): CodeIgniter\CodeIgniter->run()
INFO - 2023-07-22 04:23:54 --> Session: Class initialized using 'CodeIgniter\Session\Handlers\FileHandler' driver.
CRITICAL - 2023-07-22 04:23:54 --> Cannot use object of type mysqli as array
in FCPATH\task\Views\search.php on line 64.
 1 SYSTEMPATH\View\View.php(224): include()
 2 SYSTEMPATH\View\View.php(227): CodeIgniter\View\View->CodeIgniter\View\{closure}()
 3 SYSTEMPATH\Common.php(1180): CodeIgniter\View\View->render('Modules\\Views\\search', [], true)
 4 FCPATH\task\Controllers\EmployeeView.php(38): view('Modules\\Views\\search', [...])
 5 SYSTEMPATH\CodeIgniter.php(932): Modules\Controllers\EmployeeView->search()
 6 SYSTEMPATH\CodeIgniter.php(497): CodeIgniter\CodeIgniter->runController(Object(Modules\Controllers\EmployeeView))
 7 SYSTEMPATH\CodeIgniter.php(366): CodeIgniter\CodeIgniter->handleRequest(null, Object(Config\Cache), false)
 8 FCPATH\index.php(67): CodeIgniter\CodeIgniter->run()
INFO - 2023-07-22 04:24:11 --> Session: Class initialized using 'CodeIgniter\Session\Handlers\FileHandler' driver.
INFO - 2023-07-22 04:24:13 --> Session: Class initialized using 'CodeIgniter\Session\Handlers\FileHandler' driver.
INFO - 2023-07-22 04:32:28 --> Session: Class initialized using 'CodeIgniter\Session\Handlers\FileHandler' driver.
CRITICAL - 2023-07-22 04:32:31 --> Call to undefined method Modules\Models\SearchModel::group_by
in SYSTEMPATH\Model.php on line 838.
 1 FCPATH\task\Models\SearchModel.php(33): CodeIgniter\Model->__call('group_by', [...])
 2 FCPATH\task\Controllers\EmployeeView.php(35): Modules\Models\SearchModel->searchEmployees('manikanta')
 3 SYSTEMPATH\CodeIgniter.php(932): Modules\Controllers\EmployeeView->search()
 4 SYSTEMPATH\CodeIgniter.php(497): CodeIgniter\CodeIgniter->runController(Object(Modules\Controllers\EmployeeView))
 5 SYSTEMPATH\CodeIgniter.php(366): CodeIgniter\CodeIgniter->handleRequest(null, Object(Config\Cache), false)
 6 FCPATH\index.php(67): CodeIgniter\CodeIgniter->run()
INFO - 2023-07-22 04:32:35 --> Session: Class initialized using 'CodeIgniter\Session\Handlers\FileHandler' driver.
INFO - 2023-07-22 04:32:45 --> Session: Class initialized using 'CodeIgniter\Session\Handlers\FileHandler' driver.
INFO - 2023-07-22 04:32:49 --> Session: Class initialized using 'CodeIgniter\Session\Handlers\FileHandler' driver.
INFO - 2023-07-22 04:32:51 --> Session: Class initialized using 'CodeIgniter\Session\Handlers\FileHandler' driver.
INFO - 2023-07-22 04:41:02 --> Session: Class initialized using 'CodeIgniter\Session\Handlers\FileHandler' driver.
INFO - 2023-07-22 04:41:06 --> Session: Class initialized using 'CodeIgniter\Session\Handlers\FileHandler' driver.
INFO - 2023-07-22 04:41:06 --> Session: Class initialized using 'CodeIgniter\Session\Handlers\FileHandler' driver.
INFO - 2023-07-22 04:41:10 --> Session: Class initialized using 'CodeIgniter\Session\Handlers\FileHandler' driver.
INFO - 2023-07-22 04:43:51 --> Session: Class initialized using 'CodeIgniter\Session\Handlers\FileHandler' driver.
CRITICAL - 2023-07-22 04:43:51 --> Call to undefined method CodeIgniter\Session\Session::unset()
in FCPATH\task\Views\view_details.php on line 26.
 1 SYSTEMPATH\View\View.php(224): include()
 2 SYSTEMPATH\View\View.php(227): CodeIgniter\View\View->CodeIgniter\View\{closure}()
 3 SYSTEMPATH\Common.php(1180): CodeIgniter\View\View->render('Modules\\Views\\view_details', [], true)
 4 FCPATH\task\Controllers\EmployeeView.php(22): view('Modules\\Views\\view_details', [...])
 5 SYSTEMPATH\CodeIgniter.php(932): Modules\Controllers\EmployeeView->view()
 6 SYSTEMPATH\CodeIgniter.php(497): CodeIgniter\CodeIgniter->runController(Object(Modules\Controllers\EmployeeView))
 7 SYSTEMPATH\CodeIgniter.php(366): CodeIgniter\CodeIgniter->handleRequest(null, Object(Config\Cache), false)
 8 FCPATH\index.php(67): CodeIgniter\CodeIgniter->run()
INFO - 2023-07-22 04:44:01 --> Session: Class initialized using 'CodeIgniter\Session\Handlers\FileHandler' driver.
INFO - 2023-07-22 04:44:12 --> Session: Class initialized using 'CodeIgniter\Session\Handlers\FileHandler' driver.
INFO - 2023-07-22 04:44:12 --> Session: Class initialized using 'CodeIgniter\Session\Handlers\FileHandler' driver.
INFO - 2023-07-22 04:47:16 --> Session: Class initialized using 'CodeIgniter\Session\Handlers\FileHandler' driver.
INFO - 2023-07-22 04:47:25 --> Session: Class initialized using 'CodeIgniter\Session\Handlers\FileHandler' driver.
INFO - 2023-07-22 04:47:25 --> Session: Class initialized using 'CodeIgniter\Session\Handlers\FileHandler' driver.
INFO - 2023-07-22 04:53:32 --> Session: Class initialized using 'CodeIgniter\Session\Handlers\FileHandler' driver.
CRITICAL - 2023-07-22 04:53:32 --> Call to undefined method CodeIgniter\Session\Session::userdata()
in FCPATH\task\Views\view_details.php on line 20.
 1 SYSTEMPATH\View\View.php(224): include()
 2 SYSTEMPATH\View\View.php(227): CodeIgniter\View\View->CodeIgniter\View\{closure}()
 3 SYSTEMPATH\Common.php(1180): CodeIgniter\View\View->render('Modules\\Views\\view_details', [], true)
 4 FCPATH\task\Controllers\EmployeeView.php(22): view('Modules\\Views\\view_details', [...])
 5 SYSTEMPATH\CodeIgniter.php(932): Modules\Controllers\EmployeeView->view()
 6 SYSTEMPATH\CodeIgniter.php(497): CodeIgniter\CodeIgniter->runController(Object(Modules\Controllers\EmployeeView))
 7 SYSTEMPATH\CodeIgniter.php(366): CodeIgniter\CodeIgniter->handleRequest(null, Object(Config\Cache), false)
 8 FCPATH\index.php(67): CodeIgniter\CodeIgniter->run()
INFO - 2023-07-22 04:53:54 --> Session: Class initialized using 'CodeIgniter\Session\Handlers\FileHandler' driver.
INFO - 2023-07-22 04:55:59 --> Session: Class initialized using 'CodeIgniter\Session\Handlers\FileHandler' driver.
INFO - 2023-07-22 04:55:59 --> Session: Class initialized using 'CodeIgniter\Session\Handlers\FileHandler' driver.
INFO - 2023-07-22 04:56:16 --> Session: Class initialized using 'CodeIgniter\Session\Handlers\FileHandler' driver.
INFO - 2023-07-22 04:56:20 --> Session: Class initialized using 'CodeIgniter\Session\Handlers\FileHandler' driver.
INFO - 2023-07-22 04:57:46 --> Session: Class initialized using 'CodeIgniter\Session\Handlers\FileHandler' driver.
INFO - 2023-07-22 04:59:33 --> Session: Class initialized using 'CodeIgniter\Session\Handlers\FileHandler' driver.
CRITICAL - 2023-07-22 04:59:33 --> Call to undefined method CodeIgniter\Session\Session::getsetFlashdata()
in FCPATH\task\Views\view_details.php on line 20.
 1 SYSTEMPATH\View\View.php(224): include()
 2 SYSTEMPATH\View\View.php(227): CodeIgniter\View\View->CodeIgniter\View\{closure}()
 3 SYSTEMPATH\Common.php(1180): CodeIgniter\View\View->render('Modules\\Views\\view_details', [], true)
 4 FCPATH\task\Controllers\EmployeeView.php(22): view('Modules\\Views\\view_details', [...])
 5 SYSTEMPATH\CodeIgniter.php(932): Modules\Controllers\EmployeeView->view()
 6 SYSTEMPATH\CodeIgniter.php(497): CodeIgniter\CodeIgniter->runController(Object(Modules\Controllers\EmployeeView))
 7 SYSTEMPATH\CodeIgniter.php(366): CodeIgniter\CodeIgniter->handleRequest(null, Object(Config\Cache), false)
 8 FCPATH\index.php(67): CodeIgniter\CodeIgniter->run()
INFO - 2023-07-22 05:02:55 --> Session: Class initialized using 'CodeIgniter\Session\Handlers\FileHandler' driver.
CRITICAL - 2023-07-22 05:02:55 --> Call to undefined method CodeIgniter\Session\Session::getsetFlashdata()
in FCPATH\task\Views\view_details.php on line 30.
 1 SYSTEMPATH\View\View.php(224): include()
 2 SYSTEMPATH\View\View.php(227): CodeIgniter\View\View->CodeIgniter\View\{closure}()
 3 SYSTEMPATH\Common.php(1180): CodeIgniter\View\View->render('Modules\\Views\\view_details', [], true)
 4 FCPATH\task\Controllers\EmployeeView.php(22): view('Modules\\Views\\view_details', [...])
 5 SYSTEMPATH\CodeIgniter.php(932): Modules\Controllers\EmployeeView->view()
 6 SYSTEMPATH\CodeIgniter.php(497): CodeIgniter\CodeIgniter->runController(Object(Modules\Controllers\EmployeeView))
 7 SYSTEMPATH\CodeIgniter.php(366): CodeIgniter\CodeIgniter->handleRequest(null, Object(Config\Cache), false)
 8 FCPATH\index.php(67): CodeIgniter\CodeIgniter->run()
INFO - 2023-07-22 05:04:29 --> Session: Class initialized using 'CodeIgniter\Session\Handlers\FileHandler' driver.
INFO - 2023-07-22 05:04:36 --> Session: Class initialized using 'CodeIgniter\Session\Handlers\FileHandler' driver.
INFO - 2023-07-22 05:04:36 --> Session: Class initialized using 'CodeIgniter\Session\Handlers\FileHandler' driver.
INFO - 2023-07-22 05:04:44 --> Session: Class initialized using 'CodeIgniter\Session\Handlers\FileHandler' driver.
INFO - 2023-07-22 05:04:44 --> Session: Class initialized using 'CodeIgniter\Session\Handlers\FileHandler' driver.
INFO - 2023-07-22 05:05:25 --> Session: Class initialized using 'CodeIgniter\Session\Handlers\FileHandler' driver.
INFO - 2023-07-22 05:05:25 --> Session: Class initialized using 'CodeIgniter\Session\Handlers\FileHandler' driver.
INFO - 2023-07-22 05:07:34 --> Session: Class initialized using 'CodeIgniter\Session\Handlers\FileHandler' driver.
INFO - 2023-07-22 05:07:41 --> Session: Class initialized using 'CodeIgniter\Session\Handlers\FileHandler' driver.
INFO - 2023-07-22 05:07:41 --> Session: Class initialized using 'CodeIgniter\Session\Handlers\FileHandler' driver.
INFO - 2023-07-22 05:08:00 --> Session: Class initialized using 'CodeIgniter\Session\Handlers\FileHandler' driver.
INFO - 2023-07-22 05:08:00 --> Session: Class initialized using 'CodeIgniter\Session\Handlers\FileHandler' driver.
INFO - 2023-07-22 05:08:06 --> Session: Class initialized using 'CodeIgniter\Session\Handlers\FileHandler' driver.
INFO - 2023-07-22 05:08:06 --> Session: Class initialized using 'CodeIgniter\Session\Handlers\FileHandler' driver.
CRITICAL - 2023-07-22 05:22:24 --> Undefined array key "image"
in FCPATH\task\Views\update_view.php on line 133.
 1 FCPATH\task\Views\update_view.php(133): CodeIgniter\Debug\Exceptions->errorHandler(2, 'Undefined array key "image"', 'D:\\xampp\\htdocs\\ci_project\\task\\Views\\update_view.php', 133)
 2 SYSTEMPATH\View\View.php(224): include('D:\\xampp\\htdocs\\ci_project\\task\\Views\\update_view.php')
 3 SYSTEMPATH\View\View.php(227): CodeIgniter\View\View->CodeIgniter\View\{closure}()
 4 SYSTEMPATH\Common.php(1180): CodeIgniter\View\View->render('Modules\\Views\\update_view', [], true)
 5 FCPATH\task\Controllers\UpdateController.php(46): view('Modules\\Views\\update_view', [...])
 6 SYSTEMPATH\CodeIgniter.php(932): Modules\Controllers\UpdateController->editPerson('1')
 7 SYSTEMPATH\CodeIgniter.php(497): CodeIgniter\CodeIgniter->runController(Object(Modules\Controllers\UpdateController))
 8 SYSTEMPATH\CodeIgniter.php(366): CodeIgniter\CodeIgniter->handleRequest(null, Object(Config\Cache), false)
 9 FCPATH\index.php(67): CodeIgniter\CodeIgniter->run()
INFO - 2023-07-22 05:22:46 --> Session: Class initialized using 'CodeIgniter\Session\Handlers\FileHandler' driver.
INFO - 2023-07-22 05:22:46 --> Session: Class initialized using 'CodeIgniter\Session\Handlers\FileHandler' driver.
CRITICAL - 2023-07-22 05:22:50 --> Undefined array key "image"
in FCPATH\task\Views\preview.php on line 124.
 1 FCPATH\task\Views\preview.php(124): CodeIgniter\Debug\Exceptions->errorHandler(2, 'Undefined array key "image"', 'D:\\xampp\\htdocs\\ci_project\\task\\Views\\preview.php', 124)
 2 SYSTEMPATH\View\View.php(224): include('D:\\xampp\\htdocs\\ci_project\\task\\Views\\preview.php')
 3 SYSTEMPATH\View\View.php(227): CodeIgniter\View\View->CodeIgniter\View\{closure}()
 4 SYSTEMPATH\Common.php(1180): CodeIgniter\View\View->render('Modules\\Views\\preview', [], true)
 5 FCPATH\task\Controllers\UpdateController.php(62): view('Modules\\Views\\preview', [...])
 6 SYSTEMPATH\CodeIgniter.php(932): Modules\Controllers\UpdateController->preview('1')
 7 SYSTEMPATH\CodeIgniter.php(497): CodeIgniter\CodeIgniter->runController(Object(Modules\Controllers\UpdateController))
 8 SYSTEMPATH\CodeIgniter.php(366): CodeIgniter\CodeIgniter->handleRequest(null, Object(Config\Cache), false)
 9 FCPATH\index.php(67): CodeIgniter\CodeIgniter->run()
INFO - 2023-07-22 05:23:10 --> Session: Class initialized using 'CodeIgniter\Session\Handlers\FileHandler' driver.
INFO - 2023-07-22 05:23:14 --> Session: Class initialized using 'CodeIgniter\Session\Handlers\FileHandler' driver.
INFO - 2023-07-22 05:23:18 --> Session: Class initialized using 'CodeIgniter\Session\Handlers\FileHandler' driver.
INFO - 2023-07-22 05:23:18 --> Session: Class initialized using 'CodeIgniter\Session\Handlers\FileHandler' driver.
INFO - 2023-07-22 05:23:48 --> Session: Class initialized using 'CodeIgniter\Session\Handlers\FileHandler' driver.
INFO - 2023-07-22 05:23:52 --> Session: Class initialized using 'CodeIgniter\Session\Handlers\FileHandler' driver.
INFO - 2023-07-22 05:24:04 --> Session: Class initialized using 'CodeIgniter\Session\Handlers\FileHandler' driver.
INFO - 2023-07-22 05:24:12 --> Session: Class initialized using 'CodeIgniter\Session\Handlers\FileHandler' driver.
INFO - 2023-07-22 05:39:44 --> Session: Class initialized using 'CodeIgniter\Session\Handlers\FileHandler' driver.
INFO - 2023-07-22 05:39:49 --> Session: Class initialized using 'CodeIgniter\Session\Handlers\FileHandler' driver.
CRITICAL - 2023-07-22 05:39:49 --> Cannot use object of type mysqli as array
in FCPATH\task\Views\search.php on line 64.
 1 SYSTEMPATH\View\View.php(224): include()
 2 SYSTEMPATH\View\View.php(227): CodeIgniter\View\View->CodeIgniter\View\{closure}()
 3 SYSTEMPATH\Common.php(1180): CodeIgniter\View\View->render('Modules\\Views\\search', [], true)
 4 FCPATH\task\Controllers\EmployeeView.php(38): view('Modules\\Views\\search', [...])
 5 SYSTEMPATH\CodeIgniter.php(932): Modules\Controllers\EmployeeView->search()
 6 SYSTEMPATH\CodeIgniter.php(497): CodeIgniter\CodeIgniter->runController(Object(Modules\Controllers\EmployeeView))
 7 SYSTEMPATH\CodeIgniter.php(366): CodeIgniter\CodeIgniter->handleRequest(null, Object(Config\Cache), false)
 8 FCPATH\index.php(67): CodeIgniter\CodeIgniter->run()
INFO - 2023-07-22 05:39:57 --> Session: Class initialized using 'CodeIgniter\Session\Handlers\FileHandler' driver.
INFO - 2023-07-22 05:40:29 --> Session: Class initialized using 'CodeIgniter\Session\Handlers\FileHandler' driver.
CRITICAL - 2023-07-22 05:48:45 --> Too few arguments to function Modules\Models\ViewModel::getEmployeesWithImages(), 0 passed in D:\xampp\htdocs\ci_project\task\Controllers\EmployeeView.php on line 18 and exactly 1 expected
in FCPATH\task\Models\ViewModel.php on line 13.
 1 FCPATH\task\Controllers\EmployeeView.php(18): Modules\Models\ViewModel->getEmployeesWithImages()
 2 SYSTEMPATH\CodeIgniter.php(932): Modules\Controllers\EmployeeView->view()
 3 SYSTEMPATH\CodeIgniter.php(497): CodeIgniter\CodeIgniter->runController(Object(Modules\Controllers\EmployeeView))
 4 SYSTEMPATH\CodeIgniter.php(366): CodeIgniter\CodeIgniter->handleRequest(null, Object(Config\Cache), false)
 5 FCPATH\index.php(67): CodeIgniter\CodeIgniter->run()
INFO - 2023-07-22 05:49:16 --> Session: Class initialized using 'CodeIgniter\Session\Handlers\FileHandler' driver.
CRITICAL - 2023-07-22 05:49:20 --> Object of class CodeIgniter\Database\MySQLi\Result could not be converted to string
in FCPATH\task\Models\ViewModel.php on line 24.
 1 FCPATH\task\Controllers\EmployeeView.php(18): Modules\Models\ViewModel->getEmployeesWithImages('8712974739')
 2 SYSTEMPATH\CodeIgniter.php(932): Modules\Controllers\EmployeeView->view()
 3 SYSTEMPATH\CodeIgniter.php(497): CodeIgniter\CodeIgniter->runController(Object(Modules\Controllers\EmployeeView))
 4 SYSTEMPATH\CodeIgniter.php(366): CodeIgniter\CodeIgniter->handleRequest(null, Object(Config\Cache), false)
 5 FCPATH\index.php(67): CodeIgniter\CodeIgniter->run()
CRITICAL - 2023-07-22 05:53:37 --> Call to undefined method Modules\Models\ViewModel::getEmployeesWithImages
in SYSTEMPATH\Model.php on line 838.
 1 FCPATH\task\Controllers\EmployeeView.php(17): CodeIgniter\Model->__call('getEmployeesWithImages', [...])
 2 SYSTEMPATH\CodeIgniter.php(932): Modules\Controllers\EmployeeView->view()
 3 SYSTEMPATH\CodeIgniter.php(497): CodeIgniter\CodeIgniter->runController(Object(Modules\Controllers\EmployeeView))
 4 SYSTEMPATH\CodeIgniter.php(366): CodeIgniter\CodeIgniter->handleRequest(null, Object(Config\Cache), false)
 5 FCPATH\index.php(67): CodeIgniter\CodeIgniter->run()
CRITICAL - 2023-07-22 06:02:49 --> Undefined variable $query
in FCPATH\task\Models\ViewModel.php on line 17.
 1 FCPATH\task\Models\ViewModel.php(17): CodeIgniter\Debug\Exceptions->errorHandler(2, 'Undefined variable $query', 'D:\\xampp\\htdocs\\ci_project\\task\\Models\\ViewModel.php', 17)
 2 FCPATH\task\Controllers\EmployeeView.php(17): Modules\Models\ViewModel->getEmployeesWithImages('8712974739')
 3 SYSTEMPATH\CodeIgniter.php(932): Modules\Controllers\EmployeeView->view()
 4 SYSTEMPATH\CodeIgniter.php(497): CodeIgniter\CodeIgniter->runController(Object(Modules\Controllers\EmployeeView))
 5 SYSTEMPATH\CodeIgniter.php(366): CodeIgniter\CodeIgniter->handleRequest(null, Object(Config\Cache), false)
 6 FCPATH\index.php(67): CodeIgniter\CodeIgniter->run()
CRITICAL - 2023-07-22 06:03:08 --> Object of class CodeIgniter\Database\MySQLi\Result could not be converted to string
in FCPATH\task\Models\ViewModel.php on line 24.
 1 FCPATH\task\Controllers\EmployeeView.php(17): Modules\Models\ViewModel->getEmployeesWithImages('8712974739')
 2 SYSTEMPATH\CodeIgniter.php(932): Modules\Controllers\EmployeeView->view()
 3 SYSTEMPATH\CodeIgniter.php(497): CodeIgniter\CodeIgniter->runController(Object(Modules\Controllers\EmployeeView))
 4 SYSTEMPATH\CodeIgniter.php(366): CodeIgniter\CodeIgniter->handleRequest(null, Object(Config\Cache), false)
 5 FCPATH\index.php(67): CodeIgniter\CodeIgniter->run()
CRITICAL - 2023-07-22 06:14:24 --> Object of class CodeIgniter\Database\MySQLi\Result could not be converted to string
in FCPATH\task\Models\ViewModel.php on line 24.
 1 FCPATH\task\Controllers\EmployeeView.php(17): Modules\Models\ViewModel->getEmployeesWithImages('8712974739')
 2 SYSTEMPATH\CodeIgniter.php(932): Modules\Controllers\EmployeeView->view()
 3 SYSTEMPATH\CodeIgniter.php(497): CodeIgniter\CodeIgniter->runController(Object(Modules\Controllers\EmployeeView))
 4 SYSTEMPATH\CodeIgniter.php(366): CodeIgniter\CodeIgniter->handleRequest(null, Object(Config\Cache), false)
 5 FCPATH\index.php(67): CodeIgniter\CodeIgniter->run()
CRITICAL - 2023-07-22 06:15:49 --> Object of class CodeIgniter\Database\MySQLi\Result could not be converted to string
in FCPATH\task\Models\ViewModel.php on line 24.
 1 FCPATH\task\Controllers\EmployeeView.php(17): Modules\Models\ViewModel->getEmployeesWithImages('8712974739')
 2 SYSTEMPATH\CodeIgniter.php(932): Modules\Controllers\EmployeeView->view()
 3 SYSTEMPATH\CodeIgniter.php(497): CodeIgniter\CodeIgniter->runController(Object(Modules\Controllers\EmployeeView))
 4 SYSTEMPATH\CodeIgniter.php(366): CodeIgniter\CodeIgniter->handleRequest(null, Object(Config\Cache), false)
 5 FCPATH\index.php(67): CodeIgniter\CodeIgniter->run()
CRITICAL - 2023-07-22 06:16:27 --> CodeIgniter\Database\BaseConnection::query(): Argument #1 ($sql) must be of type string, CodeIgniter\Database\MySQLi\Result given, called in D:\xampp\htdocs\ci_project\task\Models\ViewModel.php on line 29
in SYSTEMPATH\Database\BaseConnection.php on line 569.
 1 FCPATH\task\Models\ViewModel.php(29): CodeIgniter\Database\BaseConnection->query(Object(CodeIgniter\Database\MySQLi\Result))
 2 FCPATH\task\Controllers\EmployeeView.php(17): Modules\Models\ViewModel->getEmployeesWithImages(null)
 3 SYSTEMPATH\CodeIgniter.php(932): Modules\Controllers\EmployeeView->view()
 4 SYSTEMPATH\CodeIgniter.php(497): CodeIgniter\CodeIgniter->runController(Object(Modules\Controllers\EmployeeView))
 5 SYSTEMPATH\CodeIgniter.php(366): CodeIgniter\CodeIgniter->handleRequest(null, Object(Config\Cache), false)
 6 FCPATH\index.php(67): CodeIgniter\CodeIgniter->run()
INFO - 2023-07-22 06:16:33 --> Session: Class initialized using 'CodeIgniter\Session\Handlers\FileHandler' driver.
CRITICAL - 2023-07-22 06:16:33 --> Cannot use object of type mysqli as array
in FCPATH\task\Views\search.php on line 64.
 1 SYSTEMPATH\View\View.php(224): include()
 2 SYSTEMPATH\View\View.php(227): CodeIgniter\View\View->CodeIgniter\View\{closure}()
 3 SYSTEMPATH\Common.php(1180): CodeIgniter\View\View->render('Modules\\Views\\search', [], true)
 4 FCPATH\task\Controllers\EmployeeView.php(35): view('Modules\\Views\\search', [...])
 5 SYSTEMPATH\CodeIgniter.php(932): Modules\Controllers\EmployeeView->search()
 6 SYSTEMPATH\CodeIgniter.php(497): CodeIgniter\CodeIgniter->runController(Object(Modules\Controllers\EmployeeView))
 7 SYSTEMPATH\CodeIgniter.php(366): CodeIgniter\CodeIgniter->handleRequest(null, Object(Config\Cache), false)
 8 FCPATH\index.php(67): CodeIgniter\CodeIgniter->run()
CRITICAL - 2023-07-22 06:16:38 --> CodeIgniter\Database\BaseConnection::query(): Argument #1 ($sql) must be of type string, CodeIgniter\Database\MySQLi\Result given, called in D:\xampp\htdocs\ci_project\task\Models\ViewModel.php on line 29
in SYSTEMPATH\Database\BaseConnection.php on line 569.
 1 FCPATH\task\Models\ViewModel.php(29): CodeIgniter\Database\BaseConnection->query(Object(CodeIgniter\Database\MySQLi\Result))
 2 FCPATH\task\Controllers\EmployeeView.php(17): Modules\Models\ViewModel->getEmployeesWithImages(null)
 3 SYSTEMPATH\CodeIgniter.php(932): Modules\Controllers\EmployeeView->view()
 4 SYSTEMPATH\CodeIgniter.php(497): CodeIgniter\CodeIgniter->runController(Object(Modules\Controllers\EmployeeView))
 5 SYSTEMPATH\CodeIgniter.php(366): CodeIgniter\CodeIgniter->handleRequest(null, Object(Config\Cache), false)
 6 FCPATH\index.php(67): CodeIgniter\CodeIgniter->run()
CRITICAL - 2023-07-22 06:16:40 --> CodeIgniter\Database\BaseConnection::query(): Argument #1 ($sql) must be of type string, CodeIgniter\Database\MySQLi\Result given, called in D:\xampp\htdocs\ci_project\task\Models\ViewModel.php on line 29
in SYSTEMPATH\Database\BaseConnection.php on line 569.
 1 FCPATH\task\Models\ViewModel.php(29): CodeIgniter\Database\BaseConnection->query(Object(CodeIgniter\Database\MySQLi\Result))
 2 FCPATH\task\Controllers\EmployeeView.php(17): Modules\Models\ViewModel->getEmployeesWithImages(null)
 3 SYSTEMPATH\CodeIgniter.php(932): Modules\Controllers\EmployeeView->view()
 4 SYSTEMPATH\CodeIgniter.php(497): CodeIgniter\CodeIgniter->runController(Object(Modules\Controllers\EmployeeView))
 5 SYSTEMPATH\CodeIgniter.php(366): CodeIgniter\CodeIgniter->handleRequest(null, Object(Config\Cache), false)
 6 FCPATH\index.php(67): CodeIgniter\CodeIgniter->run()
INFO - 2023-07-22 06:17:01 --> Session: Class initialized using 'CodeIgniter\Session\Handlers\FileHandler' driver.
CRITICAL - 2023-07-22 06:17:01 --> Cannot use object of type mysqli as array
in FCPATH\task\Views\search.php on line 64.
 1 SYSTEMPATH\View\View.php(224): include()
 2 SYSTEMPATH\View\View.php(227): CodeIgniter\View\View->CodeIgniter\View\{closure}()
 3 SYSTEMPATH\Common.php(1180): CodeIgniter\View\View->render('Modules\\Views\\search', [], true)
 4 FCPATH\task\Controllers\EmployeeView.php(35): view('Modules\\Views\\search', [...])
 5 SYSTEMPATH\CodeIgniter.php(932): Modules\Controllers\EmployeeView->search()
 6 SYSTEMPATH\CodeIgniter.php(497): CodeIgniter\CodeIgniter->runController(Object(Modules\Controllers\EmployeeView))
 7 SYSTEMPATH\CodeIgniter.php(366): CodeIgniter\CodeIgniter->handleRequest(null, Object(Config\Cache), false)
 8 FCPATH\index.php(67): CodeIgniter\CodeIgniter->run()
INFO - 2023-07-22 06:19:44 --> Session: Class initialized using 'CodeIgniter\Session\Handlers\FileHandler' driver.
CRITICAL - 2023-07-22 06:19:44 --> Cannot use object of type mysqli as array
in FCPATH\task\Views\search.php on line 64.
 1 SYSTEMPATH\View\View.php(224): include()
 2 SYSTEMPATH\View\View.php(227): CodeIgniter\View\View->CodeIgniter\View\{closure}()
 3 SYSTEMPATH\Common.php(1180): CodeIgniter\View\View->render('Modules\\Views\\search', [], true)
 4 FCPATH\task\Controllers\EmployeeView.php(35): view('Modules\\Views\\search', [...])
 5 SYSTEMPATH\CodeIgniter.php(932): Modules\Controllers\EmployeeView->search()
 6 SYSTEMPATH\CodeIgniter.php(497): CodeIgniter\CodeIgniter->runController(Object(Modules\Controllers\EmployeeView))
 7 SYSTEMPATH\CodeIgniter.php(366): CodeIgniter\CodeIgniter->handleRequest(null, Object(Config\Cache), false)
 8 FCPATH\index.php(67): CodeIgniter\CodeIgniter->run()
INFO - 2023-07-22 06:19:49 --> Session: Class initialized using 'CodeIgniter\Session\Handlers\FileHandler' driver.
CRITICAL - 2023-07-22 06:19:49 --> foreach() argument must be of type array|object, null given
in FCPATH\task\Views\view_details.php on line 81.
 1 FCPATH\task\Views\view_details.php(81): CodeIgniter\Debug\Exceptions->errorHandler(2, 'foreach() argument must be of type array|object, null given', 'D:\\xampp\\htdocs\\ci_project\\task\\Views\\view_details.php', 81)
 2 SYSTEMPATH\View\View.php(224): include('D:\\xampp\\htdocs\\ci_project\\task\\Views\\view_details.php')
 3 SYSTEMPATH\View\View.php(227): CodeIgniter\View\View->CodeIgniter\View\{closure}()
 4 SYSTEMPATH\Common.php(1180): CodeIgniter\View\View->render('Modules\\Views\\view_details', [], true)
 5 FCPATH\task\Controllers\EmployeeView.php(20): view('Modules\\Views\\view_details', [...])
 6 SYSTEMPATH\CodeIgniter.php(932): Modules\Controllers\EmployeeView->view()
 7 SYSTEMPATH\CodeIgniter.php(497): CodeIgniter\CodeIgniter->runController(Object(Modules\Controllers\EmployeeView))
 8 SYSTEMPATH\CodeIgniter.php(366): CodeIgniter\CodeIgniter->handleRequest(null, Object(Config\Cache), false)
 9 FCPATH\index.php(67): CodeIgniter\CodeIgniter->run()
INFO - 2023-07-22 06:20:42 --> Session: Class initialized using 'CodeIgniter\Session\Handlers\FileHandler' driver.
INFO - 2023-07-22 06:20:48 --> Session: Class initialized using 'CodeIgniter\Session\Handlers\FileHandler' driver.
ERROR - 2023-07-22 06:20:51 --> mysqli_sql_exception: You have an error in your SQL syntax; check the manual that corresponds to your MariaDB server version for the right syntax to use near 'WHERE CONCAT(UID, firstname, lastname) LIKE '%8712974739%' OR Email LIKE '%87...' at line 5 in D:\xampp\htdocs\ci_project\system\Database\MySQLi\Connection.php:295
Stack trace:
#0 D:\xampp\htdocs\ci_project\system\Database\MySQLi\Connection.php(295): mysqli->query('SELECT employee...', 0)
#1 D:\xampp\htdocs\ci_project\system\Database\BaseConnection.php(692): CodeIgniter\Database\MySQLi\Connection->execute('SELECT employee...')
#2 D:\xampp\htdocs\ci_project\system\Database\BaseConnection.php(606): CodeIgniter\Database\BaseConnection->simpleQuery('SELECT employee...')
#3 D:\xampp\htdocs\ci_project\task\Models\ViewModel.php(29): CodeIgniter\Database\BaseConnection->query('SELECT employee...')
#4 D:\xampp\htdocs\ci_project\task\Controllers\EmployeeView.php(17): Modules\Models\ViewModel->getEmployeesWithImages('8712974739')
#5 D:\xampp\htdocs\ci_project\system\CodeIgniter.php(932): Modules\Controllers\EmployeeView->view()
#6 D:\xampp\htdocs\ci_project\system\CodeIgniter.php(497): CodeIgniter\CodeIgniter->runController(Object(Modules\Controllers\EmployeeView))
#7 D:\xampp\htdocs\ci_project\system\CodeIgniter.php(366): CodeIgniter\CodeIgniter->handleRequest(NULL, Object(Config\Cache), false)
#8 D:\xampp\htdocs\ci_project\index.php(67): CodeIgniter\CodeIgniter->run()
#9 {main}
CRITICAL - 2023-07-22 06:20:51 --> You have an error in your SQL syntax; check the manual that corresponds to your MariaDB server version for the right syntax to use near 'WHERE CONCAT(UID, firstname, lastname) LIKE '%8712974739%' OR Email LIKE '%87...' at line 5
in SYSTEMPATH\Database\MySQLi\Connection.php on line 295.
 1 SYSTEMPATH\Database\MySQLi\Connection.php(295): mysqli->query('SELECT employees.*, user.*, GROUP_CONCAT(employee_images.image) AS images
                           FROM employees
                           JOIN user ON user.ID = employees.user_ID
                           JOIN employee_images ON employee_images.user_ID = employees.user_ID
                           GROUP BY employees.user_ID WHERE CONCAT(UID, firstname, lastname) LIKE \'%8712974739%\' OR Email LIKE \'%8712974739%\' OR Name LIKE \'%8712974739%\' OR PhoneNumber LIKE \'%8712974739%\'', 0)
 2 SYSTEMPATH\Database\BaseConnection.php(692): CodeIgniter\Database\MySQLi\Connection->execute('SELECT employees.*, user.*, GROUP_CONCAT(employee_images.image) AS images
                           FROM employees
                           JOIN user ON user.ID = employees.user_ID
                           JOIN employee_images ON employee_images.user_ID = employees.user_ID
                           GROUP BY employees.user_ID WHERE CONCAT(UID, firstname, lastname) LIKE \'%8712974739%\' OR Email LIKE \'%8712974739%\' OR Name LIKE \'%8712974739%\' OR PhoneNumber LIKE \'%8712974739%\'')
 3 SYSTEMPATH\Database\BaseConnection.php(606): CodeIgniter\Database\BaseConnection->simpleQuery('SELECT employees.*, user.*, GROUP_CONCAT(employee_images.image) AS images
                           FROM employees
                           JOIN user ON user.ID = employees.user_ID
                           JOIN employee_images ON employee_images.user_ID = employees.user_ID
                           GROUP BY employees.user_ID WHERE CONCAT(UID, firstname, lastname) LIKE \'%8712974739%\' OR Email LIKE \'%8712974739%\' OR Name LIKE \'%8712974739%\' OR PhoneNumber LIKE \'%8712974739%\'')
 4 FCPATH\task\Models\ViewModel.php(29): CodeIgniter\Database\BaseConnection->query('SELECT employees.*, user.*, GROUP_CONCAT(employee_images.image) AS images
                           FROM employees
                           JOIN user ON user.ID = employees.user_ID
                           JOIN employee_images ON employee_images.user_ID = employees.user_ID
                           GROUP BY employees.user_ID WHERE CONCAT(UID, firstname, lastname) LIKE \'%8712974739%\' OR Email LIKE \'%8712974739%\' OR Name LIKE \'%8712974739%\' OR PhoneNumber LIKE \'%8712974739%\'')
 5 FCPATH\task\Controllers\EmployeeView.php(17): Modules\Models\ViewModel->getEmployeesWithImages('8712974739')
 6 SYSTEMPATH\CodeIgniter.php(932): Modules\Controllers\EmployeeView->view()
 7 SYSTEMPATH\CodeIgniter.php(497): CodeIgniter\CodeIgniter->runController(Object(Modules\Controllers\EmployeeView))
 8 SYSTEMPATH\CodeIgniter.php(366): CodeIgniter\CodeIgniter->handleRequest(null, Object(Config\Cache), false)
 9 FCPATH\index.php(67): CodeIgniter\CodeIgniter->run()
INFO - 2023-07-22 06:21:18 --> Session: Class initialized using 'CodeIgniter\Session\Handlers\FileHandler' driver.
ERROR - 2023-07-22 06:21:46 --> mysqli_sql_exception: You have an error in your SQL syntax; check the manual that corresponds to your MariaDB server version for the right syntax to use near 'WHERE CONCAT(UID, firstname, lastname) LIKE '%8712974739%' OR Email LIKE '%87...' at line 5 in D:\xampp\htdocs\ci_project\system\Database\MySQLi\Connection.php:295
Stack trace:
#0 D:\xampp\htdocs\ci_project\system\Database\MySQLi\Connection.php(295): mysqli->query('SELECT employee...', 0)
#1 D:\xampp\htdocs\ci_project\system\Database\BaseConnection.php(692): CodeIgniter\Database\MySQLi\Connection->execute('SELECT employee...')
#2 D:\xampp\htdocs\ci_project\system\Database\BaseConnection.php(606): CodeIgniter\Database\BaseConnection->simpleQuery('SELECT employee...')
#3 D:\xampp\htdocs\ci_project\task\Models\ViewModel.php(29): CodeIgniter\Database\BaseConnection->query('SELECT employee...')
#4 D:\xampp\htdocs\ci_project\task\Controllers\EmployeeView.php(17): Modules\Models\ViewModel->getEmployeesWithImages('8712974739')
#5 D:\xampp\htdocs\ci_project\system\CodeIgniter.php(932): Modules\Controllers\EmployeeView->view()
#6 D:\xampp\htdocs\ci_project\system\CodeIgniter.php(497): CodeIgniter\CodeIgniter->runController(Object(Modules\Controllers\EmployeeView))
#7 D:\xampp\htdocs\ci_project\system\CodeIgniter.php(366): CodeIgniter\CodeIgniter->handleRequest(NULL, Object(Config\Cache), false)
#8 D:\xampp\htdocs\ci_project\index.php(67): CodeIgniter\CodeIgniter->run()
#9 {main}
CRITICAL - 2023-07-22 06:21:46 --> You have an error in your SQL syntax; check the manual that corresponds to your MariaDB server version for the right syntax to use near 'WHERE CONCAT(UID, firstname, lastname) LIKE '%8712974739%' OR Email LIKE '%87...' at line 5
in SYSTEMPATH\Database\MySQLi\Connection.php on line 295.
 1 SYSTEMPATH\Database\MySQLi\Connection.php(295): mysqli->query('SELECT employees.*, user.*, GROUP_CONCAT(employee_images.image) AS images
                           FROM employees
                           JOIN user ON user.ID = employees.user_ID
                           JOIN employee_images ON employee_images.user_ID = employees.user_ID
                           GROUP BY employees.user_ID WHERE CONCAT(UID, firstname, lastname) LIKE \'%8712974739%\' OR Email LIKE \'%8712974739%\' OR Name LIKE \'%8712974739%\' OR PhoneNumber LIKE \'%8712974739%\'', 0)
 2 SYSTEMPATH\Database\BaseConnection.php(692): CodeIgniter\Database\MySQLi\Connection->execute('SELECT employees.*, user.*, GROUP_CONCAT(employee_images.image) AS images
                           FROM employees
                           JOIN user ON user.ID = employees.user_ID
                           JOIN employee_images ON employee_images.user_ID = employees.user_ID
                           GROUP BY employees.user_ID WHERE CONCAT(UID, firstname, lastname) LIKE \'%8712974739%\' OR Email LIKE \'%8712974739%\' OR Name LIKE \'%8712974739%\' OR PhoneNumber LIKE \'%8712974739%\'')
 3 SYSTEMPATH\Database\BaseConnection.php(606): CodeIgniter\Database\BaseConnection->simpleQuery('SELECT employees.*, user.*, GROUP_CONCAT(employee_images.image) AS images
                           FROM employees
                           JOIN user ON user.ID = employees.user_ID
                           JOIN employee_images ON employee_images.user_ID = employees.user_ID
                           GROUP BY employees.user_ID WHERE CONCAT(UID, firstname, lastname) LIKE \'%8712974739%\' OR Email LIKE \'%8712974739%\' OR Name LIKE \'%8712974739%\' OR PhoneNumber LIKE \'%8712974739%\'')
 4 FCPATH\task\Models\ViewModel.php(29): CodeIgniter\Database\BaseConnection->query('SELECT employees.*, user.*, GROUP_CONCAT(employee_images.image) AS images
                           FROM employees
                           JOIN user ON user.ID = employees.user_ID
                           JOIN employee_images ON employee_images.user_ID = employees.user_ID
                           GROUP BY employees.user_ID WHERE CONCAT(UID, firstname, lastname) LIKE \'%8712974739%\' OR Email LIKE \'%8712974739%\' OR Name LIKE \'%8712974739%\' OR PhoneNumber LIKE \'%8712974739%\'')
 5 FCPATH\task\Controllers\EmployeeView.php(17): Modules\Models\ViewModel->getEmployeesWithImages('8712974739')
 6 SYSTEMPATH\CodeIgniter.php(932): Modules\Controllers\EmployeeView->view()
 7 SYSTEMPATH\CodeIgniter.php(497): CodeIgniter\CodeIgniter->runController(Object(Modules\Controllers\EmployeeView))
 8 SYSTEMPATH\CodeIgniter.php(366): CodeIgniter\CodeIgniter->handleRequest(null, Object(Config\Cache), false)
 9 FCPATH\index.php(67): CodeIgniter\CodeIgniter->run()
ERROR - 2023-07-22 06:23:00 --> mysqli_sql_exception: Column 'UID' in where clause is ambiguous in D:\xampp\htdocs\ci_project\system\Database\MySQLi\Connection.php:295
Stack trace:
#0 D:\xampp\htdocs\ci_project\system\Database\MySQLi\Connection.php(295): mysqli->query('SELECT employee...', 0)
#1 D:\xampp\htdocs\ci_project\system\Database\BaseConnection.php(692): CodeIgniter\Database\MySQLi\Connection->execute('SELECT employee...')
#2 D:\xampp\htdocs\ci_project\system\Database\BaseConnection.php(606): CodeIgniter\Database\BaseConnection->simpleQuery('SELECT employee...')
#3 D:\xampp\htdocs\ci_project\task\Models\ViewModel.php(29): CodeIgniter\Database\BaseConnection->query('SELECT employee...')
#4 D:\xampp\htdocs\ci_project\task\Controllers\EmployeeView.php(17): Modules\Models\ViewModel->getEmployeesWithImages('8712974739')
#5 D:\xampp\htdocs\ci_project\system\CodeIgniter.php(932): Modules\Controllers\EmployeeView->view()
#6 D:\xampp\htdocs\ci_project\system\CodeIgniter.php(497): CodeIgniter\CodeIgniter->runController(Object(Modules\Controllers\EmployeeView))
#7 D:\xampp\htdocs\ci_project\system\CodeIgniter.php(366): CodeIgniter\CodeIgniter->handleRequest(NULL, Object(Config\Cache), false)
#8 D:\xampp\htdocs\ci_project\index.php(67): CodeIgniter\CodeIgniter->run()
#9 {main}
CRITICAL - 2023-07-22 06:23:00 --> Column 'UID' in where clause is ambiguous
in SYSTEMPATH\Database\MySQLi\Connection.php on line 295.
 1 SYSTEMPATH\Database\MySQLi\Connection.php(295): mysqli->query('SELECT employees.*, user.*, GROUP_CONCAT(employee_images.image) AS images
              FROM employees
              JOIN user ON user.ID = employees.user_ID
              JOIN employee_images ON employee_images.user_ID = employees.user_ID
               WHERE CONCAT(UID, firstname, lastname) LIKE \'%8712974739%\' OR Email LIKE \'%8712974739%\' OR Name LIKE \'%8712974739%\' OR PhoneNumber LIKE \'%8712974739%\' GROUP BY employees.user_ID', 0)
 2 SYSTEMPATH\Database\BaseConnection.php(692): CodeIgniter\Database\MySQLi\Connection->execute('SELECT employees.*, user.*, GROUP_CONCAT(employee_images.image) AS images
              FROM employees
              JOIN user ON user.ID = employees.user_ID
              JOIN employee_images ON employee_images.user_ID = employees.user_ID
               WHERE CONCAT(UID, firstname, lastname) LIKE \'%8712974739%\' OR Email LIKE \'%8712974739%\' OR Name LIKE \'%8712974739%\' OR PhoneNumber LIKE \'%8712974739%\' GROUP BY employees.user_ID')
 3 SYSTEMPATH\Database\BaseConnection.php(606): CodeIgniter\Database\BaseConnection->simpleQuery('SELECT employees.*, user.*, GROUP_CONCAT(employee_images.image) AS images
              FROM employees
              JOIN user ON user.ID = employees.user_ID
              JOIN employee_images ON employee_images.user_ID = employees.user_ID
               WHERE CONCAT(UID, firstname, lastname) LIKE \'%8712974739%\' OR Email LIKE \'%8712974739%\' OR Name LIKE \'%8712974739%\' OR PhoneNumber LIKE \'%8712974739%\' GROUP BY employees.user_ID')
 4 FCPATH\task\Models\ViewModel.php(29): CodeIgniter\Database\BaseConnection->query('SELECT employees.*, user.*, GROUP_CONCAT(employee_images.image) AS images
              FROM employees
              JOIN user ON user.ID = employees.user_ID
              JOIN employee_images ON employee_images.user_ID = employees.user_ID
               WHERE CONCAT(UID, firstname, lastname) LIKE \'%8712974739%\' OR Email LIKE \'%8712974739%\' OR Name LIKE \'%8712974739%\' OR PhoneNumber LIKE \'%8712974739%\' GROUP BY employees.user_ID')
 5 FCPATH\task\Controllers\EmployeeView.php(17): Modules\Models\ViewModel->getEmployeesWithImages('8712974739')
 6 SYSTEMPATH\CodeIgniter.php(932): Modules\Controllers\EmployeeView->view()
 7 SYSTEMPATH\CodeIgniter.php(497): CodeIgniter\CodeIgniter->runController(Object(Modules\Controllers\EmployeeView))
 8 SYSTEMPATH\CodeIgniter.php(366): CodeIgniter\CodeIgniter->handleRequest(null, Object(Config\Cache), false)
 9 FCPATH\index.php(67): CodeIgniter\CodeIgniter->run()
ERROR - 2023-07-22 06:23:36 --> mysqli_sql_exception: Column 'user_ID' in where clause is ambiguous in D:\xampp\htdocs\ci_project\system\Database\MySQLi\Connection.php:295
Stack trace:
#0 D:\xampp\htdocs\ci_project\system\Database\MySQLi\Connection.php(295): mysqli->query('SELECT employee...', 0)
#1 D:\xampp\htdocs\ci_project\system\Database\BaseConnection.php(692): CodeIgniter\Database\MySQLi\Connection->execute('SELECT employee...')
#2 D:\xampp\htdocs\ci_project\system\Database\BaseConnection.php(606): CodeIgniter\Database\BaseConnection->simpleQuery('SELECT employee...')
#3 D:\xampp\htdocs\ci_project\task\Models\ViewModel.php(29): CodeIgniter\Database\BaseConnection->query('SELECT employee...')
#4 D:\xampp\htdocs\ci_project\task\Controllers\EmployeeView.php(17): Modules\Models\ViewModel->getEmployeesWithImages('8712974739')
#5 D:\xampp\htdocs\ci_project\system\CodeIgniter.php(932): Modules\Controllers\EmployeeView->view()
#6 D:\xampp\htdocs\ci_project\system\CodeIgniter.php(497): CodeIgniter\CodeIgniter->runController(Object(Modules\Controllers\EmployeeView))
#7 D:\xampp\htdocs\ci_project\system\CodeIgniter.php(366): CodeIgniter\CodeIgniter->handleRequest(NULL, Object(Config\Cache), false)
#8 D:\xampp\htdocs\ci_project\index.php(67): CodeIgniter\CodeIgniter->run()
#9 {main}
CRITICAL - 2023-07-22 06:23:36 --> Column 'user_ID' in where clause is ambiguous
in SYSTEMPATH\Database\MySQLi\Connection.php on line 295.
 1 SYSTEMPATH\Database\MySQLi\Connection.php(295): mysqli->query('SELECT employees.*, user.*, GROUP_CONCAT(employee_images.image) AS images
              FROM employees
              JOIN user ON user.ID = employees.user_ID
              JOIN employee_images ON employee_images.user_ID = employees.user_ID
               WHERE CONCAT(user_ID, firstname, lastname) LIKE \'%8712974739%\' OR Email LIKE \'%8712974739%\' OR Name LIKE \'%8712974739%\' OR PhoneNumber LIKE \'%8712974739%\' GROUP BY employees.user_ID', 0)
 2 SYSTEMPATH\Database\BaseConnection.php(692): CodeIgniter\Database\MySQLi\Connection->execute('SELECT employees.*, user.*, GROUP_CONCAT(employee_images.image) AS images
              FROM employees
              JOIN user ON user.ID = employees.user_ID
              JOIN employee_images ON employee_images.user_ID = employees.user_ID
               WHERE CONCAT(user_ID, firstname, lastname) LIKE \'%8712974739%\' OR Email LIKE \'%8712974739%\' OR Name LIKE \'%8712974739%\' OR PhoneNumber LIKE \'%8712974739%\' GROUP BY employees.user_ID')
 3 SYSTEMPATH\Database\BaseConnection.php(606): CodeIgniter\Database\BaseConnection->simpleQuery('SELECT employees.*, user.*, GROUP_CONCAT(employee_images.image) AS images
              FROM employees
              JOIN user ON user.ID = employees.user_ID
              JOIN employee_images ON employee_images.user_ID = employees.user_ID
               WHERE CONCAT(user_ID, firstname, lastname) LIKE \'%8712974739%\' OR Email LIKE \'%8712974739%\' OR Name LIKE \'%8712974739%\' OR PhoneNumber LIKE \'%8712974739%\' GROUP BY employees.user_ID')
 4 FCPATH\task\Models\ViewModel.php(29): CodeIgniter\Database\BaseConnection->query('SELECT employees.*, user.*, GROUP_CONCAT(employee_images.image) AS images
              FROM employees
              JOIN user ON user.ID = employees.user_ID
              JOIN employee_images ON employee_images.user_ID = employees.user_ID
               WHERE CONCAT(user_ID, firstname, lastname) LIKE \'%8712974739%\' OR Email LIKE \'%8712974739%\' OR Name LIKE \'%8712974739%\' OR PhoneNumber LIKE \'%8712974739%\' GROUP BY employees.user_ID')
 5 FCPATH\task\Controllers\EmployeeView.php(17): Modules\Models\ViewModel->getEmployeesWithImages('8712974739')
 6 SYSTEMPATH\CodeIgniter.php(932): Modules\Controllers\EmployeeView->view()
 7 SYSTEMPATH\CodeIgniter.php(497): CodeIgniter\CodeIgniter->runController(Object(Modules\Controllers\EmployeeView))
 8 SYSTEMPATH\CodeIgniter.php(366): CodeIgniter\CodeIgniter->handleRequest(null, Object(Config\Cache), false)
 9 FCPATH\index.php(67): CodeIgniter\CodeIgniter->run()
INFO - 2023-07-22 06:23:57 --> Session: Class initialized using 'CodeIgniter\Session\Handlers\FileHandler' driver.
INFO - 2023-07-22 06:24:03 --> Session: Class initialized using 'CodeIgniter\Session\Handlers\FileHandler' driver.
INFO - 2023-07-22 06:24:28 --> Session: Class initialized using 'CodeIgniter\Session\Handlers\FileHandler' driver.
INFO - 2023-07-22 06:24:29 --> Session: Class initialized using 'CodeIgniter\Session\Handlers\FileHandler' driver.
INFO - 2023-07-22 06:24:45 --> Session: Class initialized using 'CodeIgniter\Session\Handlers\FileHandler' driver.
INFO - 2023-07-22 06:24:46 --> Session: Class initialized using 'CodeIgniter\Session\Handlers\FileHandler' driver.
INFO - 2023-07-22 06:24:51 --> Session: Class initialized using 'CodeIgniter\Session\Handlers\FileHandler' driver.
INFO - 2023-07-22 06:24:57 --> Session: Class initialized using 'CodeIgniter\Session\Handlers\FileHandler' driver.
INFO - 2023-07-22 06:25:05 --> Session: Class initialized using 'CodeIgniter\Session\Handlers\FileHandler' driver.
INFO - 2023-07-22 06:25:08 --> Session: Class initialized using 'CodeIgniter\Session\Handlers\FileHandler' driver.
INFO - 2023-07-22 06:25:09 --> Session: Class initialized using 'CodeIgniter\Session\Handlers\FileHandler' driver.
INFO - 2023-07-22 06:25:24 --> Session: Class initialized using 'CodeIgniter\Session\Handlers\FileHandler' driver.
INFO - 2023-07-22 06:25:24 --> Session: Class initialized using 'CodeIgniter\Session\Handlers\FileHandler' driver.
INFO - 2023-07-22 06:25:36 --> Session: Class initialized using 'CodeIgniter\Session\Handlers\FileHandler' driver.
INFO - 2023-07-22 06:25:37 --> Session: Class initialized using 'CodeIgniter\Session\Handlers\FileHandler' driver.
INFO - 2023-07-22 06:25:39 --> Session: Class initialized using 'CodeIgniter\Session\Handlers\FileHandler' driver.
INFO - 2023-07-22 06:25:43 --> Session: Class initialized using 'CodeIgniter\Session\Handlers\FileHandler' driver.
INFO - 2023-07-22 06:25:45 --> Session: Class initialized using 'CodeIgniter\Session\Handlers\FileHandler' driver.
INFO - 2023-07-22 06:26:06 --> Session: Class initialized using 'CodeIgniter\Session\Handlers\FileHandler' driver.
INFO - 2023-07-22 06:26:08 --> Session: Class initialized using 'CodeIgniter\Session\Handlers\FileHandler' driver.
INFO - 2023-07-22 06:26:14 --> Session: Class initialized using 'CodeIgniter\Session\Handlers\FileHandler' driver.
INFO - 2023-07-22 06:26:16 --> Session: Class initialized using 'CodeIgniter\Session\Handlers\FileHandler' driver.
INFO - 2023-07-22 06:26:46 --> Session: Class initialized using 'CodeIgniter\Session\Handlers\FileHandler' driver.
INFO - 2023-07-22 06:26:46 --> Session: Class initialized using 'CodeIgniter\Session\Handlers\FileHandler' driver.
INFO - 2023-07-22 06:26:51 --> Session: Class initialized using 'CodeIgniter\Session\Handlers\FileHandler' driver.
INFO - 2023-07-22 06:26:51 --> Session: Class initialized using 'CodeIgniter\Session\Handlers\FileHandler' driver.
INFO - 2023-07-22 06:26:55 --> Session: Class initialized using 'CodeIgniter\Session\Handlers\FileHandler' driver.
INFO - 2023-07-22 06:27:01 --> Session: Class initialized using 'CodeIgniter\Session\Handlers\FileHandler' driver.
INFO - 2023-07-22 06:27:03 --> Session: Class initialized using 'CodeIgniter\Session\Handlers\FileHandler' driver.
INFO - 2023-07-22 06:27:11 --> Session: Class initialized using 'CodeIgniter\Session\Handlers\FileHandler' driver.
INFO - 2023-07-22 06:27:13 --> Session: Class initialized using 'CodeIgniter\Session\Handlers\FileHandler' driver.
INFO - 2023-07-22 06:27:20 --> Session: Class initialized using 'CodeIgniter\Session\Handlers\FileHandler' driver.
INFO - 2023-07-22 06:27:24 --> Session: Class initialized using 'CodeIgniter\Session\Handlers\FileHandler' driver.
INFO - 2023-07-22 06:27:33 --> Session: Class initialized using 'CodeIgniter\Session\Handlers\FileHandler' driver.
INFO - 2023-07-22 06:27:33 --> Session: Class initialized using 'CodeIgniter\Session\Handlers\FileHandler' driver.
INFO - 2023-07-22 06:27:45 --> Session: Class initialized using 'CodeIgniter\Session\Handlers\FileHandler' driver.
INFO - 2023-07-22 06:27:45 --> Session: Class initialized using 'CodeIgniter\Session\Handlers\FileHandler' driver.
INFO - 2023-07-22 06:27:59 --> Session: Class initialized using 'CodeIgniter\Session\Handlers\FileHandler' driver.
INFO - 2023-07-22 06:27:59 --> Session: Class initialized using 'CodeIgniter\Session\Handlers\FileHandler' driver.
INFO - 2023-07-22 06:28:03 --> Session: Class initialized using 'CodeIgniter\Session\Handlers\FileHandler' driver.
INFO - 2023-07-22 06:28:06 --> Session: Class initialized using 'CodeIgniter\Session\Handlers\FileHandler' driver.
INFO - 2023-07-22 06:28:07 --> Session: Class initialized using 'CodeIgniter\Session\Handlers\FileHandler' driver.
INFO - 2023-07-22 06:28:10 --> Session: Class initialized using 'CodeIgniter\Session\Handlers\FileHandler' driver.
INFO - 2023-07-22 06:28:18 --> Session: Class initialized using 'CodeIgniter\Session\Handlers\FileHandler' driver.
INFO - 2023-07-22 06:28:18 --> Session: Class initialized using 'CodeIgniter\Session\Handlers\FileHandler' driver.
INFO - 2023-07-22 06:28:20 --> Session: Class initialized using 'CodeIgniter\Session\Handlers\FileHandler' driver.
INFO - 2023-07-22 06:38:56 --> Session: Class initialized using 'CodeIgniter\Session\Handlers\FileHandler' driver.
INFO - 2023-07-22 06:38:58 --> Session: Class initialized using 'CodeIgniter\Session\Handlers\FileHandler' driver.
INFO - 2023-07-22 06:38:59 --> Session: Class initialized using 'CodeIgniter\Session\Handlers\FileHandler' driver.
INFO - 2023-07-22 06:39:03 --> Session: Class initialized using 'CodeIgniter\Session\Handlers\FileHandler' driver.
INFO - 2023-07-22 06:39:05 --> Session: Class initialized using 'CodeIgniter\Session\Handlers\FileHandler' driver.
INFO - 2023-07-22 06:39:09 --> Session: Class initialized using 'CodeIgniter\Session\Handlers\FileHandler' driver.
INFO - 2023-07-22 06:39:11 --> Session: Class initialized using 'CodeIgniter\Session\Handlers\FileHandler' driver.
INFO - 2023-07-22 06:39:13 --> Session: Class initialized using 'CodeIgniter\Session\Handlers\FileHandler' driver.
INFO - 2023-07-22 06:39:16 --> Session: Class initialized using 'CodeIgniter\Session\Handlers\FileHandler' driver.
INFO - 2023-07-22 06:39:18 --> Session: Class initialized using 'CodeIgniter\Session\Handlers\FileHandler' driver.
INFO - 2023-07-22 07:08:54 --> Session: Class initialized using 'CodeIgniter\Session\Handlers\FileHandler' driver.
